2022-06-01 00:00:52.523  INFO 13704 --- [SpringApplicationShutdownHook] j.LocalContainerEntityManagerFactoryBean : Closing JPA EntityManagerFactory for persistence unit 'default'
2022-06-01 00:00:53.144  INFO 13704 --- [SpringApplicationShutdownHook] com.zaxxer.hikari.HikariDataSource       : HikariPool-1 - Shutdown initiated...
2022-06-01 00:00:53.726  INFO 13704 --- [SpringApplicationShutdownHook] com.zaxxer.hikari.HikariDataSource       : HikariPool-1 - Shutdown completed.
2022-06-01 00:19:50.830  INFO 7180 --- [main] c.example.pancakem.PancakeMApplication   : Starting PancakeMApplication using Java 17.0.2 on DESKTOP-G09U01H with PID 7180 (C:\Users\Jovo\IdeaProjects\pancakeM\target\classes started by Jovo in C:\Users\Jovo\IdeaProjects\pancakeM)
2022-06-01 00:19:50.840  INFO 7180 --- [main] c.example.pancakem.PancakeMApplication   : No active profile set, falling back to 1 default profile: "default"
2022-06-01 00:19:57.487  INFO 7180 --- [main] .s.d.r.c.RepositoryConfigurationDelegate : Bootstrapping Spring Data JPA repositories in DEFAULT mode.
2022-06-01 00:19:57.994  INFO 7180 --- [main] .s.d.r.c.RepositoryConfigurationDelegate : Finished Spring Data repository scanning in 446 ms. Found 5 JPA repository interfaces.
2022-06-01 00:20:01.497  INFO 7180 --- [main] o.s.b.w.embedded.tomcat.TomcatWebServer  : Tomcat initialized with port(s): 9000 (http)
2022-06-01 00:20:01.538  INFO 7180 --- [main] o.apache.catalina.core.StandardService   : Starting service [Tomcat]
2022-06-01 00:20:01.540  INFO 7180 --- [main] org.apache.catalina.core.StandardEngine  : Starting Servlet engine: [Apache Tomcat/9.0.63]
2022-06-01 00:20:02.194  INFO 7180 --- [main] o.a.c.c.C.[Tomcat].[localhost].[/]       : Initializing Spring embedded WebApplicationContext
2022-06-01 00:20:02.199  INFO 7180 --- [main] w.s.c.ServletWebServerApplicationContext : Root WebApplicationContext: initialization completed in 9466 ms
2022-06-01 00:20:03.442  INFO 7180 --- [main] com.zaxxer.hikari.HikariDataSource       : HikariPool-1 - Starting...
2022-06-01 00:20:05.046  INFO 7180 --- [main] com.zaxxer.hikari.HikariDataSource       : HikariPool-1 - Start completed.
2022-06-01 00:20:05.287  INFO 7180 --- [main] o.hibernate.jpa.internal.util.LogHelper  : HHH000204: Processing PersistenceUnitInfo [name: default]
2022-06-01 00:20:05.755  INFO 7180 --- [main] org.hibernate.Version                    : HHH000412: Hibernate ORM core version 5.6.9.Final
2022-06-01 00:20:06.611  INFO 7180 --- [main] o.hibernate.annotations.common.Version   : HCANN000001: Hibernate Commons Annotations {5.1.2.Final}
2022-06-01 00:20:07.177  INFO 7180 --- [main] org.hibernate.dialect.Dialect            : HHH000400: Using dialect: org.hibernate.dialect.MySQL8Dialect
2022-06-01 00:20:10.534  INFO 7180 --- [main] o.h.e.t.j.p.i.JtaPlatformInitiator       : HHH000490: Using JtaPlatform implementation: [org.hibernate.engine.transaction.jta.platform.internal.NoJtaPlatform]
2022-06-01 00:20:10.587  INFO 7180 --- [main] j.LocalContainerEntityManagerFactoryBean : Initialized JPA EntityManagerFactory for persistence unit 'default'
2022-06-01 00:20:13.617  WARN 7180 --- [main] JpaBaseConfiguration$JpaWebConfiguration : spring.jpa.open-in-view is enabled by default. Therefore, database queries may be performed during view rendering. Explicitly configure spring.jpa.open-in-view to disable this warning
2022-06-01 00:20:15.560  INFO 7180 --- [main] o.s.b.w.embedded.tomcat.TomcatWebServer  : Tomcat started on port(s): 9000 (http) with context path ''
2022-06-01 00:20:15.646  INFO 7180 --- [main] c.example.pancakem.PancakeMApplication   : Started PancakeMApplication in 27.303 seconds (JVM running for 31.587)
2022-06-01 00:20:25.996  INFO 7180 --- [http-nio-9000-exec-2] o.a.c.c.C.[Tomcat].[localhost].[/]       : Initializing Spring DispatcherServlet 'dispatcherServlet'
2022-06-01 00:20:25.997  INFO 7180 --- [http-nio-9000-exec-2] o.s.web.servlet.DispatcherServlet        : Initializing Servlet 'dispatcherServlet'
2022-06-01 00:20:25.999  INFO 7180 --- [http-nio-9000-exec-2] o.s.web.servlet.DispatcherServlet        : Completed initialization in 2 ms
2022-06-01 00:22:21.121 ERROR 7180 --- [http-nio-9000-exec-6] c.e.p.controllers.OrdersController       : HttpException(status=404 NOT_FOUND, data=null)
2022-06-01 00:22:27.313 ERROR 7180 --- [http-nio-9000-exec-7] c.e.p.controllers.OrdersController       : HttpException(status=404 NOT_FOUND, data=null)
2022-06-01 00:22:45.309 ERROR 7180 --- [http-nio-9000-exec-10] c.e.p.controllers.OrdersController       : HttpException(status=404 NOT_FOUND, data=null)
2022-06-01 00:23:07.826 ERROR 7180 --- [http-nio-9000-exec-2] c.e.p.controllers.OrdersController       : HttpException(status=404 NOT_FOUND, data=null)
2022-06-01 00:23:35.069 ERROR 7180 --- [http-nio-9000-exec-4] c.e.p.controllers.OrdersController       : HttpException(status=404 NOT_FOUND, data=null)
2022-06-01 00:24:08.567 ERROR 7180 --- [http-nio-9000-exec-5] c.e.p.controllers.OrdersController       : HttpException(status=404 NOT_FOUND, data=null)
2022-06-01 00:24:13.926 ERROR 7180 --- [http-nio-9000-exec-6] c.e.p.controllers.OrdersController       : HttpException(status=404 NOT_FOUND, data=null)
2022-06-01 00:24:16.963 ERROR 7180 --- [http-nio-9000-exec-7] c.e.p.controllers.OrdersController       : HttpException(status=404 NOT_FOUND, data=null)
2022-06-01 00:24:19.445 ERROR 7180 --- [http-nio-9000-exec-8] c.e.p.controllers.OrdersController       : HttpException(status=404 NOT_FOUND, data=null)
2022-06-01 00:24:22.083 ERROR 7180 --- [http-nio-9000-exec-9] c.e.p.controllers.OrdersController       : HttpException(status=404 NOT_FOUND, data=null)
2022-06-01 00:24:24.701 ERROR 7180 --- [http-nio-9000-exec-10] c.e.p.controllers.OrdersController       : HttpException(status=404 NOT_FOUND, data=null)
2022-06-01 00:24:53.879  INFO 7180 --- [SpringApplicationShutdownHook] j.LocalContainerEntityManagerFactoryBean : Closing JPA EntityManagerFactory for persistence unit 'default'
2022-06-01 00:24:53.924  INFO 7180 --- [SpringApplicationShutdownHook] com.zaxxer.hikari.HikariDataSource       : HikariPool-1 - Shutdown initiated...
2022-06-01 00:24:54.038  INFO 7180 --- [SpringApplicationShutdownHook] com.zaxxer.hikari.HikariDataSource       : HikariPool-1 - Shutdown completed.
2022-06-01 00:25:20.898  INFO 12824 --- [main] c.example.pancakem.PancakeMApplication   : Starting PancakeMApplication using Java 17.0.2 on DESKTOP-G09U01H with PID 12824 (C:\Users\Jovo\IdeaProjects\pancakeM\target\classes started by Jovo in C:\Users\Jovo\IdeaProjects\pancakeM)
2022-06-01 00:25:20.906  INFO 12824 --- [main] c.example.pancakem.PancakeMApplication   : No active profile set, falling back to 1 default profile: "default"
2022-06-01 00:25:22.757  INFO 12824 --- [main] .s.d.r.c.RepositoryConfigurationDelegate : Bootstrapping Spring Data JPA repositories in DEFAULT mode.
2022-06-01 00:25:22.963  INFO 12824 --- [main] .s.d.r.c.RepositoryConfigurationDelegate : Finished Spring Data repository scanning in 183 ms. Found 5 JPA repository interfaces.
2022-06-01 00:25:24.072  INFO 12824 --- [main] o.s.b.w.embedded.tomcat.TomcatWebServer  : Tomcat initialized with port(s): 9000 (http)
2022-06-01 00:25:24.088  INFO 12824 --- [main] o.apache.catalina.core.StandardService   : Starting service [Tomcat]
2022-06-01 00:25:24.089  INFO 12824 --- [main] org.apache.catalina.core.StandardEngine  : Starting Servlet engine: [Apache Tomcat/9.0.63]
2022-06-01 00:25:24.343  INFO 12824 --- [main] o.a.c.c.C.[Tomcat].[localhost].[/]       : Initializing Spring embedded WebApplicationContext
2022-06-01 00:25:24.345  INFO 12824 --- [main] w.s.c.ServletWebServerApplicationContext : Root WebApplicationContext: initialization completed in 3279 ms
2022-06-01 00:25:24.719  INFO 12824 --- [main] com.zaxxer.hikari.HikariDataSource       : HikariPool-1 - Starting...
2022-06-01 00:25:25.587  INFO 12824 --- [main] com.zaxxer.hikari.HikariDataSource       : HikariPool-1 - Start completed.
2022-06-01 00:25:25.669  INFO 12824 --- [main] o.hibernate.jpa.internal.util.LogHelper  : HHH000204: Processing PersistenceUnitInfo [name: default]
2022-06-01 00:25:25.783  INFO 12824 --- [main] org.hibernate.Version                    : HHH000412: Hibernate ORM core version 5.6.9.Final
2022-06-01 00:25:26.304  INFO 12824 --- [main] o.hibernate.annotations.common.Version   : HCANN000001: Hibernate Commons Annotations {5.1.2.Final}
2022-06-01 00:25:26.548  INFO 12824 --- [main] org.hibernate.dialect.Dialect            : HHH000400: Using dialect: org.hibernate.dialect.MySQL8Dialect
2022-06-01 00:25:28.100  INFO 12824 --- [main] o.h.e.t.j.p.i.JtaPlatformInitiator       : HHH000490: Using JtaPlatform implementation: [org.hibernate.engine.transaction.jta.platform.internal.NoJtaPlatform]
2022-06-01 00:25:28.118  INFO 12824 --- [main] j.LocalContainerEntityManagerFactoryBean : Initialized JPA EntityManagerFactory for persistence unit 'default'
2022-06-01 00:25:29.137  WARN 12824 --- [main] JpaBaseConfiguration$JpaWebConfiguration : spring.jpa.open-in-view is enabled by default. Therefore, database queries may be performed during view rendering. Explicitly configure spring.jpa.open-in-view to disable this warning
2022-06-01 00:25:29.797  INFO 12824 --- [main] o.s.b.w.embedded.tomcat.TomcatWebServer  : Tomcat started on port(s): 9000 (http) with context path ''
2022-06-01 00:25:29.814  INFO 12824 --- [main] c.example.pancakem.PancakeMApplication   : Started PancakeMApplication in 9.854 seconds (JVM running for 13.615)
2022-06-01 00:25:40.107  INFO 12824 --- [http-nio-9000-exec-1] o.a.c.c.C.[Tomcat].[localhost].[/]       : Initializing Spring DispatcherServlet 'dispatcherServlet'
2022-06-01 00:25:40.108  INFO 12824 --- [http-nio-9000-exec-1] o.s.web.servlet.DispatcherServlet        : Initializing Servlet 'dispatcherServlet'
2022-06-01 00:25:40.110  INFO 12824 --- [http-nio-9000-exec-1] o.s.web.servlet.DispatcherServlet        : Completed initialization in 1 ms
2022-06-01 00:25:49.127 ERROR 12824 --- [http-nio-9000-exec-3] c.e.p.controllers.OrdersController       : HttpException(status=404 NOT_FOUND, data=null)
2022-06-01 00:26:10.558 ERROR 12824 --- [http-nio-9000-exec-4] c.e.p.controllers.OrdersController       : HttpException(status=404 NOT_FOUND, data=null)
2022-06-01 00:26:49.272 ERROR 12824 --- [http-nio-9000-exec-5] c.e.p.controllers.OrdersController       : HttpException(status=404 NOT_FOUND, data=null)
2022-06-01 00:26:54.391 ERROR 12824 --- [http-nio-9000-exec-6] c.e.p.controllers.OrdersController       : HttpException(status=404 NOT_FOUND, data=null)
2022-06-01 00:28:30.805  INFO 12824 --- [SpringApplicationShutdownHook] j.LocalContainerEntityManagerFactoryBean : Closing JPA EntityManagerFactory for persistence unit 'default'
2022-06-01 00:28:30.949  INFO 12824 --- [SpringApplicationShutdownHook] com.zaxxer.hikari.HikariDataSource       : HikariPool-1 - Shutdown initiated...
2022-06-01 00:28:31.114  INFO 12824 --- [SpringApplicationShutdownHook] com.zaxxer.hikari.HikariDataSource       : HikariPool-1 - Shutdown completed.
2022-06-01 00:28:45.577  INFO 3352 --- [main] c.example.pancakem.PancakeMApplication   : Starting PancakeMApplication using Java 17.0.2 on DESKTOP-G09U01H with PID 3352 (C:\Users\Jovo\IdeaProjects\pancakeM\target\classes started by Jovo in C:\Users\Jovo\IdeaProjects\pancakeM)
2022-06-01 00:28:45.583  INFO 3352 --- [main] c.example.pancakem.PancakeMApplication   : No active profile set, falling back to 1 default profile: "default"
2022-06-01 00:28:47.149  INFO 3352 --- [main] .s.d.r.c.RepositoryConfigurationDelegate : Bootstrapping Spring Data JPA repositories in DEFAULT mode.
2022-06-01 00:28:47.391  INFO 3352 --- [main] .s.d.r.c.RepositoryConfigurationDelegate : Finished Spring Data repository scanning in 213 ms. Found 5 JPA repository interfaces.
2022-06-01 00:28:48.374  INFO 3352 --- [main] o.s.b.w.embedded.tomcat.TomcatWebServer  : Tomcat initialized with port(s): 9000 (http)
2022-06-01 00:28:48.388  INFO 3352 --- [main] o.apache.catalina.core.StandardService   : Starting service [Tomcat]
2022-06-01 00:28:48.389  INFO 3352 --- [main] org.apache.catalina.core.StandardEngine  : Starting Servlet engine: [Apache Tomcat/9.0.63]
2022-06-01 00:28:48.572  INFO 3352 --- [main] o.a.c.c.C.[Tomcat].[localhost].[/]       : Initializing Spring embedded WebApplicationContext
2022-06-01 00:28:48.573  INFO 3352 --- [main] w.s.c.ServletWebServerApplicationContext : Root WebApplicationContext: initialization completed in 2843 ms
2022-06-01 00:28:48.809  INFO 3352 --- [main] com.zaxxer.hikari.HikariDataSource       : HikariPool-1 - Starting...
2022-06-01 00:28:49.447  INFO 3352 --- [main] com.zaxxer.hikari.HikariDataSource       : HikariPool-1 - Start completed.
2022-06-01 00:28:49.523  INFO 3352 --- [main] o.hibernate.jpa.internal.util.LogHelper  : HHH000204: Processing PersistenceUnitInfo [name: default]
2022-06-01 00:28:49.638  INFO 3352 --- [main] org.hibernate.Version                    : HHH000412: Hibernate ORM core version 5.6.9.Final
2022-06-01 00:28:50.057  INFO 3352 --- [main] o.hibernate.annotations.common.Version   : HCANN000001: Hibernate Commons Annotations {5.1.2.Final}
2022-06-01 00:28:50.291  INFO 3352 --- [main] org.hibernate.dialect.Dialect            : HHH000400: Using dialect: org.hibernate.dialect.MySQL8Dialect
2022-06-01 00:28:51.296  INFO 3352 --- [main] o.h.e.t.j.p.i.JtaPlatformInitiator       : HHH000490: Using JtaPlatform implementation: [org.hibernate.engine.transaction.jta.platform.internal.NoJtaPlatform]
2022-06-01 00:28:51.311  INFO 3352 --- [main] j.LocalContainerEntityManagerFactoryBean : Initialized JPA EntityManagerFactory for persistence unit 'default'
2022-06-01 00:28:52.142  WARN 3352 --- [main] JpaBaseConfiguration$JpaWebConfiguration : spring.jpa.open-in-view is enabled by default. Therefore, database queries may be performed during view rendering. Explicitly configure spring.jpa.open-in-view to disable this warning
2022-06-01 00:28:52.748  INFO 3352 --- [main] o.s.b.w.embedded.tomcat.TomcatWebServer  : Tomcat started on port(s): 9000 (http) with context path ''
2022-06-01 00:28:52.768  INFO 3352 --- [main] c.example.pancakem.PancakeMApplication   : Started PancakeMApplication in 8.151 seconds (JVM running for 10.159)
2022-06-01 00:29:03.568  INFO 3352 --- [http-nio-9000-exec-2] o.a.c.c.C.[Tomcat].[localhost].[/]       : Initializing Spring DispatcherServlet 'dispatcherServlet'
2022-06-01 00:29:03.569  INFO 3352 --- [http-nio-9000-exec-2] o.s.web.servlet.DispatcherServlet        : Initializing Servlet 'dispatcherServlet'
2022-06-01 00:29:03.571  INFO 3352 --- [http-nio-9000-exec-2] o.s.web.servlet.DispatcherServlet        : Completed initialization in 1 ms
2022-06-01 00:29:04.048 ERROR 3352 --- [http-nio-9000-exec-2] c.e.p.controllers.OrdersController       : HttpException(status=404 NOT_FOUND, data=null)
2022-06-01 00:29:51.531 ERROR 3352 --- [http-nio-9000-exec-6] c.e.p.controllers.OrdersController       : HttpException(status=404 NOT_FOUND, data=null)
2022-06-01 00:30:41.620  INFO 3352 --- [SpringApplicationShutdownHook] j.LocalContainerEntityManagerFactoryBean : Closing JPA EntityManagerFactory for persistence unit 'default'
2022-06-01 00:30:41.639  INFO 3352 --- [SpringApplicationShutdownHook] com.zaxxer.hikari.HikariDataSource       : HikariPool-1 - Shutdown initiated...
2022-06-01 00:30:41.811  INFO 3352 --- [SpringApplicationShutdownHook] com.zaxxer.hikari.HikariDataSource       : HikariPool-1 - Shutdown completed.
2022-06-01 00:30:58.451  INFO 14088 --- [main] c.example.pancakem.PancakeMApplication   : Starting PancakeMApplication using Java 17.0.2 on DESKTOP-G09U01H with PID 14088 (C:\Users\Jovo\IdeaProjects\pancakeM\target\classes started by Jovo in C:\Users\Jovo\IdeaProjects\pancakeM)
2022-06-01 00:30:58.457  INFO 14088 --- [main] c.example.pancakem.PancakeMApplication   : No active profile set, falling back to 1 default profile: "default"
2022-06-01 00:31:00.576  INFO 14088 --- [main] .s.d.r.c.RepositoryConfigurationDelegate : Bootstrapping Spring Data JPA repositories in DEFAULT mode.
2022-06-01 00:31:00.765  INFO 14088 --- [main] .s.d.r.c.RepositoryConfigurationDelegate : Finished Spring Data repository scanning in 167 ms. Found 5 JPA repository interfaces.
2022-06-01 00:31:03.652  INFO 14088 --- [main] o.s.b.w.embedded.tomcat.TomcatWebServer  : Tomcat initialized with port(s): 9000 (http)
2022-06-01 00:31:03.684  INFO 14088 --- [main] o.apache.catalina.core.StandardService   : Starting service [Tomcat]
2022-06-01 00:31:03.686  INFO 14088 --- [main] org.apache.catalina.core.StandardEngine  : Starting Servlet engine: [Apache Tomcat/9.0.63]
2022-06-01 00:31:04.354  INFO 14088 --- [main] o.a.c.c.C.[Tomcat].[localhost].[/]       : Initializing Spring embedded WebApplicationContext
2022-06-01 00:31:04.357  INFO 14088 --- [main] w.s.c.ServletWebServerApplicationContext : Root WebApplicationContext: initialization completed in 5735 ms
2022-06-01 00:31:05.049  INFO 14088 --- [main] com.zaxxer.hikari.HikariDataSource       : HikariPool-1 - Starting...
2022-06-01 00:31:06.143  INFO 14088 --- [main] com.zaxxer.hikari.HikariDataSource       : HikariPool-1 - Start completed.
2022-06-01 00:31:06.290  INFO 14088 --- [main] o.hibernate.jpa.internal.util.LogHelper  : HHH000204: Processing PersistenceUnitInfo [name: default]
2022-06-01 00:31:06.576  INFO 14088 --- [main] org.hibernate.Version                    : HHH000412: Hibernate ORM core version 5.6.9.Final
2022-06-01 00:31:07.171  INFO 14088 --- [main] o.hibernate.annotations.common.Version   : HCANN000001: Hibernate Commons Annotations {5.1.2.Final}
2022-06-01 00:31:07.527  INFO 14088 --- [main] org.hibernate.dialect.Dialect            : HHH000400: Using dialect: org.hibernate.dialect.MySQL8Dialect
2022-06-01 00:31:09.050  INFO 14088 --- [main] o.h.e.t.j.p.i.JtaPlatformInitiator       : HHH000490: Using JtaPlatform implementation: [org.hibernate.engine.transaction.jta.platform.internal.NoJtaPlatform]
2022-06-01 00:31:09.069  INFO 14088 --- [main] j.LocalContainerEntityManagerFactoryBean : Initialized JPA EntityManagerFactory for persistence unit 'default'
2022-06-01 00:31:13.993  WARN 14088 --- [main] JpaBaseConfiguration$JpaWebConfiguration : spring.jpa.open-in-view is enabled by default. Therefore, database queries may be performed during view rendering. Explicitly configure spring.jpa.open-in-view to disable this warning
2022-06-01 00:31:19.097  INFO 14088 --- [main] o.s.b.w.embedded.tomcat.TomcatWebServer  : Tomcat started on port(s): 9000 (http) with context path ''
2022-06-01 00:31:19.126  INFO 14088 --- [main] c.example.pancakem.PancakeMApplication   : Started PancakeMApplication in 21.779 seconds (JVM running for 23.677)
2022-06-01 00:31:31.738  INFO 14088 --- [SpringApplicationShutdownHook] j.LocalContainerEntityManagerFactoryBean : Closing JPA EntityManagerFactory for persistence unit 'default'
2022-06-01 00:31:31.745  INFO 14088 --- [SpringApplicationShutdownHook] com.zaxxer.hikari.HikariDataSource       : HikariPool-1 - Shutdown initiated...
2022-06-01 00:31:31.933  INFO 14088 --- [SpringApplicationShutdownHook] com.zaxxer.hikari.HikariDataSource       : HikariPool-1 - Shutdown completed.
2022-06-01 00:31:54.666  INFO 7820 --- [main] c.example.pancakem.PancakeMApplication   : Starting PancakeMApplication using Java 17.0.2 on DESKTOP-G09U01H with PID 7820 (C:\Users\Jovo\IdeaProjects\pancakeM\target\classes started by Jovo in C:\Users\Jovo\IdeaProjects\pancakeM)
2022-06-01 00:31:54.673  INFO 7820 --- [main] c.example.pancakem.PancakeMApplication   : No active profile set, falling back to 1 default profile: "default"
2022-06-01 00:31:56.713  INFO 7820 --- [main] .s.d.r.c.RepositoryConfigurationDelegate : Bootstrapping Spring Data JPA repositories in DEFAULT mode.
2022-06-01 00:31:57.098  INFO 7820 --- [main] .s.d.r.c.RepositoryConfigurationDelegate : Finished Spring Data repository scanning in 348 ms. Found 5 JPA repository interfaces.
2022-06-01 00:31:58.315  INFO 7820 --- [main] o.s.b.w.embedded.tomcat.TomcatWebServer  : Tomcat initialized with port(s): 9000 (http)
2022-06-01 00:31:58.334  INFO 7820 --- [main] o.apache.catalina.core.StandardService   : Starting service [Tomcat]
2022-06-01 00:31:58.336  INFO 7820 --- [main] org.apache.catalina.core.StandardEngine  : Starting Servlet engine: [Apache Tomcat/9.0.63]
2022-06-01 00:31:58.589  INFO 7820 --- [main] o.a.c.c.C.[Tomcat].[localhost].[/]       : Initializing Spring embedded WebApplicationContext
2022-06-01 00:31:58.590  INFO 7820 --- [main] w.s.c.ServletWebServerApplicationContext : Root WebApplicationContext: initialization completed in 3742 ms
2022-06-01 00:31:58.843  INFO 7820 --- [main] com.zaxxer.hikari.HikariDataSource       : HikariPool-1 - Starting...
2022-06-01 00:31:59.523  INFO 7820 --- [main] com.zaxxer.hikari.HikariDataSource       : HikariPool-1 - Start completed.
2022-06-01 00:31:59.610  INFO 7820 --- [main] o.hibernate.jpa.internal.util.LogHelper  : HHH000204: Processing PersistenceUnitInfo [name: default]
2022-06-01 00:31:59.749  INFO 7820 --- [main] org.hibernate.Version                    : HHH000412: Hibernate ORM core version 5.6.9.Final
2022-06-01 00:32:00.205  INFO 7820 --- [main] o.hibernate.annotations.common.Version   : HCANN000001: Hibernate Commons Annotations {5.1.2.Final}
2022-06-01 00:32:00.426  INFO 7820 --- [main] org.hibernate.dialect.Dialect            : HHH000400: Using dialect: org.hibernate.dialect.MySQL8Dialect
2022-06-01 00:32:01.539  INFO 7820 --- [main] o.h.e.t.j.p.i.JtaPlatformInitiator       : HHH000490: Using JtaPlatform implementation: [org.hibernate.engine.transaction.jta.platform.internal.NoJtaPlatform]
2022-06-01 00:32:01.554  INFO 7820 --- [main] j.LocalContainerEntityManagerFactoryBean : Initialized JPA EntityManagerFactory for persistence unit 'default'
2022-06-01 00:32:02.497  WARN 7820 --- [main] JpaBaseConfiguration$JpaWebConfiguration : spring.jpa.open-in-view is enabled by default. Therefore, database queries may be performed during view rendering. Explicitly configure spring.jpa.open-in-view to disable this warning
2022-06-01 00:32:03.199  INFO 7820 --- [main] o.s.b.w.embedded.tomcat.TomcatWebServer  : Tomcat started on port(s): 9000 (http) with context path ''
2022-06-01 00:32:03.221  INFO 7820 --- [main] c.example.pancakem.PancakeMApplication   : Started PancakeMApplication in 9.81 seconds (JVM running for 12.316)
2022-06-01 00:32:14.182  INFO 7820 --- [http-nio-9000-exec-1] o.a.c.c.C.[Tomcat].[localhost].[/]       : Initializing Spring DispatcherServlet 'dispatcherServlet'
2022-06-01 00:32:14.186  INFO 7820 --- [http-nio-9000-exec-1] o.s.web.servlet.DispatcherServlet        : Initializing Servlet 'dispatcherServlet'
2022-06-01 00:32:14.197  INFO 7820 --- [http-nio-9000-exec-1] o.s.web.servlet.DispatcherServlet        : Completed initialization in 7 ms
2022-06-01 00:56:45.709  INFO 7820 --- [SpringApplicationShutdownHook] j.LocalContainerEntityManagerFactoryBean : Closing JPA EntityManagerFactory for persistence unit 'default'
2022-06-01 00:56:45.911  INFO 7820 --- [SpringApplicationShutdownHook] com.zaxxer.hikari.HikariDataSource       : HikariPool-1 - Shutdown initiated...
2022-06-01 00:56:46.157  INFO 7820 --- [SpringApplicationShutdownHook] com.zaxxer.hikari.HikariDataSource       : HikariPool-1 - Shutdown completed.
2022-06-01 00:56:59.453  INFO 12180 --- [main] c.example.pancakem.PancakeMApplication   : Starting PancakeMApplication using Java 17.0.2 on DESKTOP-G09U01H with PID 12180 (C:\Users\Jovo\IdeaProjects\pancakeM\target\classes started by Jovo in C:\Users\Jovo\IdeaProjects\pancakeM)
2022-06-01 00:56:59.461  INFO 12180 --- [main] c.example.pancakem.PancakeMApplication   : No active profile set, falling back to 1 default profile: "default"
2022-06-01 00:57:01.168  INFO 12180 --- [main] .s.d.r.c.RepositoryConfigurationDelegate : Bootstrapping Spring Data JPA repositories in DEFAULT mode.
2022-06-01 00:57:01.382  INFO 12180 --- [main] .s.d.r.c.RepositoryConfigurationDelegate : Finished Spring Data repository scanning in 183 ms. Found 5 JPA repository interfaces.
2022-06-01 00:57:02.344  INFO 12180 --- [main] o.s.b.w.embedded.tomcat.TomcatWebServer  : Tomcat initialized with port(s): 9000 (http)
2022-06-01 00:57:02.360  INFO 12180 --- [main] o.apache.catalina.core.StandardService   : Starting service [Tomcat]
2022-06-01 00:57:02.361  INFO 12180 --- [main] org.apache.catalina.core.StandardEngine  : Starting Servlet engine: [Apache Tomcat/9.0.63]
2022-06-01 00:57:02.583  INFO 12180 --- [main] o.a.c.c.C.[Tomcat].[localhost].[/]       : Initializing Spring embedded WebApplicationContext
2022-06-01 00:57:02.585  INFO 12180 --- [main] w.s.c.ServletWebServerApplicationContext : Root WebApplicationContext: initialization completed in 2999 ms
2022-06-01 00:57:02.809  INFO 12180 --- [main] com.zaxxer.hikari.HikariDataSource       : HikariPool-1 - Starting...
2022-06-01 00:57:03.553  INFO 12180 --- [main] com.zaxxer.hikari.HikariDataSource       : HikariPool-1 - Start completed.
2022-06-01 00:57:03.640  INFO 12180 --- [main] o.hibernate.jpa.internal.util.LogHelper  : HHH000204: Processing PersistenceUnitInfo [name: default]
2022-06-01 00:57:03.764  INFO 12180 --- [main] org.hibernate.Version                    : HHH000412: Hibernate ORM core version 5.6.9.Final
2022-06-01 00:57:04.134  INFO 12180 --- [main] o.hibernate.annotations.common.Version   : HCANN000001: Hibernate Commons Annotations {5.1.2.Final}
2022-06-01 00:57:04.740  INFO 12180 --- [main] org.hibernate.dialect.Dialect            : HHH000400: Using dialect: org.hibernate.dialect.MySQL8Dialect
2022-06-01 00:57:05.848  INFO 12180 --- [main] o.h.e.t.j.p.i.JtaPlatformInitiator       : HHH000490: Using JtaPlatform implementation: [org.hibernate.engine.transaction.jta.platform.internal.NoJtaPlatform]
2022-06-01 00:57:05.864  INFO 12180 --- [main] j.LocalContainerEntityManagerFactoryBean : Initialized JPA EntityManagerFactory for persistence unit 'default'
2022-06-01 00:57:06.779  WARN 12180 --- [main] JpaBaseConfiguration$JpaWebConfiguration : spring.jpa.open-in-view is enabled by default. Therefore, database queries may be performed during view rendering. Explicitly configure spring.jpa.open-in-view to disable this warning
2022-06-01 00:57:07.402  INFO 12180 --- [main] o.s.b.w.embedded.tomcat.TomcatWebServer  : Tomcat started on port(s): 9000 (http) with context path ''
2022-06-01 00:57:07.422  INFO 12180 --- [main] c.example.pancakem.PancakeMApplication   : Started PancakeMApplication in 8.863 seconds (JVM running for 10.896)
2022-06-01 00:57:21.237  INFO 12180 --- [http-nio-9000-exec-1] o.a.c.c.C.[Tomcat].[localhost].[/]       : Initializing Spring DispatcherServlet 'dispatcherServlet'
2022-06-01 00:57:21.238  INFO 12180 --- [http-nio-9000-exec-1] o.s.web.servlet.DispatcherServlet        : Initializing Servlet 'dispatcherServlet'
2022-06-01 00:57:21.240  INFO 12180 --- [http-nio-9000-exec-1] o.s.web.servlet.DispatcherServlet        : Completed initialization in 1 ms
2022-06-01 01:12:13.251  WARN 12180 --- [http-nio-9000-exec-4] .m.m.a.ExceptionHandlerExceptionResolver : Failure in @ExceptionHandler com.example.pancakem.advices.GlobalExceptionHandler#handleException(Exception, HandlerMethod)

java.lang.IllegalStateException: Could not resolve parameter [1] in public final org.springframework.http.ResponseEntity<java.lang.Object> com.example.pancakem.advices.GlobalExceptionHandler.handleException(java.lang.Exception,org.springframework.web.method.HandlerMethod): No suitable resolver
	at org.springframework.web.method.support.InvocableHandlerMethod.getMethodArgumentValues(InvocableHandlerMethod.java:176) ~[spring-web-5.3.20.jar:5.3.20]
	at org.springframework.web.method.support.InvocableHandlerMethod.invokeForRequest(InvocableHandlerMethod.java:146) ~[spring-web-5.3.20.jar:5.3.20]
	at org.springframework.web.servlet.mvc.method.annotation.ServletInvocableHandlerMethod.invokeAndHandle(ServletInvocableHandlerMethod.java:117) ~[spring-webmvc-5.3.20.jar:5.3.20]
	at org.springframework.web.servlet.mvc.method.annotation.ExceptionHandlerExceptionResolver.doResolveHandlerMethodException(ExceptionHandlerExceptionResolver.java:428) ~[spring-webmvc-5.3.20.jar:5.3.20]
	at org.springframework.web.servlet.handler.AbstractHandlerMethodExceptionResolver.doResolveException(AbstractHandlerMethodExceptionResolver.java:75) ~[spring-webmvc-5.3.20.jar:5.3.20]
	at org.springframework.web.servlet.handler.AbstractHandlerExceptionResolver.resolveException(AbstractHandlerExceptionResolver.java:142) ~[spring-webmvc-5.3.20.jar:5.3.20]
	at org.springframework.web.servlet.handler.HandlerExceptionResolverComposite.resolveException(HandlerExceptionResolverComposite.java:80) ~[spring-webmvc-5.3.20.jar:5.3.20]
	at org.springframework.web.servlet.DispatcherServlet.processHandlerException(DispatcherServlet.java:1327) ~[spring-webmvc-5.3.20.jar:5.3.20]
	at org.springframework.web.servlet.DispatcherServlet.processDispatchResult(DispatcherServlet.java:1138) ~[spring-webmvc-5.3.20.jar:5.3.20]
	at org.springframework.web.servlet.DispatcherServlet.doDispatch(DispatcherServlet.java:1084) ~[spring-webmvc-5.3.20.jar:5.3.20]
	at org.springframework.web.servlet.DispatcherServlet.doService(DispatcherServlet.java:963) ~[spring-webmvc-5.3.20.jar:5.3.20]
	at org.springframework.web.servlet.FrameworkServlet.processRequest(FrameworkServlet.java:1006) ~[spring-webmvc-5.3.20.jar:5.3.20]
	at org.springframework.web.servlet.FrameworkServlet.doPost(FrameworkServlet.java:909) ~[spring-webmvc-5.3.20.jar:5.3.20]
	at javax.servlet.http.HttpServlet.service(HttpServlet.java:681) ~[tomcat-embed-core-9.0.63.jar:4.0.FR]
	at org.springframework.web.servlet.FrameworkServlet.service(FrameworkServlet.java:883) ~[spring-webmvc-5.3.20.jar:5.3.20]
	at javax.servlet.http.HttpServlet.service(HttpServlet.java:764) ~[tomcat-embed-core-9.0.63.jar:4.0.FR]
	at org.apache.catalina.core.ApplicationFilterChain.internalDoFilter(ApplicationFilterChain.java:227) ~[tomcat-embed-core-9.0.63.jar:9.0.63]
	at org.apache.catalina.core.ApplicationFilterChain.doFilter(ApplicationFilterChain.java:162) ~[tomcat-embed-core-9.0.63.jar:9.0.63]
	at org.apache.tomcat.websocket.server.WsFilter.doFilter(WsFilter.java:53) ~[tomcat-embed-websocket-9.0.63.jar:9.0.63]
	at org.apache.catalina.core.ApplicationFilterChain.internalDoFilter(ApplicationFilterChain.java:189) ~[tomcat-embed-core-9.0.63.jar:9.0.63]
	at org.apache.catalina.core.ApplicationFilterChain.doFilter(ApplicationFilterChain.java:162) ~[tomcat-embed-core-9.0.63.jar:9.0.63]
	at org.springframework.web.filter.RequestContextFilter.doFilterInternal(RequestContextFilter.java:100) ~[spring-web-5.3.20.jar:5.3.20]
	at org.springframework.web.filter.OncePerRequestFilter.doFilter(OncePerRequestFilter.java:117) ~[spring-web-5.3.20.jar:5.3.20]
	at org.apache.catalina.core.ApplicationFilterChain.internalDoFilter(ApplicationFilterChain.java:189) ~[tomcat-embed-core-9.0.63.jar:9.0.63]
	at org.apache.catalina.core.ApplicationFilterChain.doFilter(ApplicationFilterChain.java:162) ~[tomcat-embed-core-9.0.63.jar:9.0.63]
	at org.springframework.web.filter.FormContentFilter.doFilterInternal(FormContentFilter.java:93) ~[spring-web-5.3.20.jar:5.3.20]
	at org.springframework.web.filter.OncePerRequestFilter.doFilter(OncePerRequestFilter.java:117) ~[spring-web-5.3.20.jar:5.3.20]
	at org.apache.catalina.core.ApplicationFilterChain.internalDoFilter(ApplicationFilterChain.java:189) ~[tomcat-embed-core-9.0.63.jar:9.0.63]
	at org.apache.catalina.core.ApplicationFilterChain.doFilter(ApplicationFilterChain.java:162) ~[tomcat-embed-core-9.0.63.jar:9.0.63]
	at org.springframework.web.filter.CharacterEncodingFilter.doFilterInternal(CharacterEncodingFilter.java:201) ~[spring-web-5.3.20.jar:5.3.20]
	at org.springframework.web.filter.OncePerRequestFilter.doFilter(OncePerRequestFilter.java:117) ~[spring-web-5.3.20.jar:5.3.20]
	at org.apache.catalina.core.ApplicationFilterChain.internalDoFilter(ApplicationFilterChain.java:189) ~[tomcat-embed-core-9.0.63.jar:9.0.63]
	at org.apache.catalina.core.ApplicationFilterChain.doFilter(ApplicationFilterChain.java:162) ~[tomcat-embed-core-9.0.63.jar:9.0.63]
	at org.apache.catalina.core.StandardWrapperValve.invoke(StandardWrapperValve.java:197) ~[tomcat-embed-core-9.0.63.jar:9.0.63]
	at org.apache.catalina.core.StandardContextValve.invoke(StandardContextValve.java:97) ~[tomcat-embed-core-9.0.63.jar:9.0.63]
	at org.apache.catalina.authenticator.AuthenticatorBase.invoke(AuthenticatorBase.java:541) ~[tomcat-embed-core-9.0.63.jar:9.0.63]
	at org.apache.catalina.core.StandardHostValve.invoke(StandardHostValve.java:135) ~[tomcat-embed-core-9.0.63.jar:9.0.63]
	at org.apache.catalina.valves.ErrorReportValve.invoke(ErrorReportValve.java:92) ~[tomcat-embed-core-9.0.63.jar:9.0.63]
	at org.apache.catalina.core.StandardEngineValve.invoke(StandardEngineValve.java:78) ~[tomcat-embed-core-9.0.63.jar:9.0.63]
	at org.apache.catalina.connector.CoyoteAdapter.service(CoyoteAdapter.java:360) ~[tomcat-embed-core-9.0.63.jar:9.0.63]
	at org.apache.coyote.http11.Http11Processor.service(Http11Processor.java:399) ~[tomcat-embed-core-9.0.63.jar:9.0.63]
	at org.apache.coyote.AbstractProcessorLight.process(AbstractProcessorLight.java:65) ~[tomcat-embed-core-9.0.63.jar:9.0.63]
	at org.apache.coyote.AbstractProtocol$ConnectionHandler.process(AbstractProtocol.java:890) ~[tomcat-embed-core-9.0.63.jar:9.0.63]
	at org.apache.tomcat.util.net.NioEndpoint$SocketProcessor.doRun(NioEndpoint.java:1743) ~[tomcat-embed-core-9.0.63.jar:9.0.63]
	at org.apache.tomcat.util.net.SocketProcessorBase.run(SocketProcessorBase.java:49) ~[tomcat-embed-core-9.0.63.jar:9.0.63]
	at org.apache.tomcat.util.threads.ThreadPoolExecutor.runWorker(ThreadPoolExecutor.java:1191) ~[tomcat-embed-core-9.0.63.jar:9.0.63]
	at org.apache.tomcat.util.threads.ThreadPoolExecutor$Worker.run(ThreadPoolExecutor.java:659) ~[tomcat-embed-core-9.0.63.jar:9.0.63]
	at org.apache.tomcat.util.threads.TaskThread$WrappingRunnable.run(TaskThread.java:61) ~[tomcat-embed-core-9.0.63.jar:9.0.63]
	at java.base/java.lang.Thread.run(Thread.java:833) ~[na:na]

2022-06-01 01:12:13.290  WARN 12180 --- [http-nio-9000-exec-4] .w.s.m.s.DefaultHandlerExceptionResolver : Resolved [org.springframework.web.HttpRequestMethodNotSupportedException: Request method 'POST' not supported]
2022-06-01 01:49:00.306  INFO 12180 --- [SpringApplicationShutdownHook] j.LocalContainerEntityManagerFactoryBean : Closing JPA EntityManagerFactory for persistence unit 'default'
2022-06-01 01:49:00.479  INFO 12180 --- [SpringApplicationShutdownHook] com.zaxxer.hikari.HikariDataSource       : HikariPool-1 - Shutdown initiated...
2022-06-01 01:49:00.709  INFO 12180 --- [SpringApplicationShutdownHook] com.zaxxer.hikari.HikariDataSource       : HikariPool-1 - Shutdown completed.
2022-06-01 01:49:16.493  INFO 4156 --- [main] c.example.pancakem.PancakeMApplication   : Starting PancakeMApplication using Java 17.0.2 on DESKTOP-G09U01H with PID 4156 (C:\Users\Jovo\IdeaProjects\pancakeM\target\classes started by Jovo in C:\Users\Jovo\IdeaProjects\pancakeM)
2022-06-01 01:49:16.500  INFO 4156 --- [main] c.example.pancakem.PancakeMApplication   : No active profile set, falling back to 1 default profile: "default"
2022-06-01 01:49:18.056  INFO 4156 --- [main] .s.d.r.c.RepositoryConfigurationDelegate : Bootstrapping Spring Data JPA repositories in DEFAULT mode.
2022-06-01 01:49:18.240  INFO 4156 --- [main] .s.d.r.c.RepositoryConfigurationDelegate : Finished Spring Data repository scanning in 151 ms. Found 5 JPA repository interfaces.
2022-06-01 01:49:19.148  INFO 4156 --- [main] o.s.b.w.embedded.tomcat.TomcatWebServer  : Tomcat initialized with port(s): 9000 (http)
2022-06-01 01:49:19.165  INFO 4156 --- [main] o.apache.catalina.core.StandardService   : Starting service [Tomcat]
2022-06-01 01:49:19.166  INFO 4156 --- [main] org.apache.catalina.core.StandardEngine  : Starting Servlet engine: [Apache Tomcat/9.0.63]
2022-06-01 01:49:19.542  INFO 4156 --- [main] o.a.c.c.C.[Tomcat].[localhost].[/]       : Initializing Spring embedded WebApplicationContext
2022-06-01 01:49:19.543  INFO 4156 --- [main] w.s.c.ServletWebServerApplicationContext : Root WebApplicationContext: initialization completed in 2930 ms
2022-06-01 01:49:19.773  INFO 4156 --- [main] com.zaxxer.hikari.HikariDataSource       : HikariPool-1 - Starting...
2022-06-01 01:49:20.630  INFO 4156 --- [main] com.zaxxer.hikari.HikariDataSource       : HikariPool-1 - Start completed.
2022-06-01 01:49:20.726  INFO 4156 --- [main] o.hibernate.jpa.internal.util.LogHelper  : HHH000204: Processing PersistenceUnitInfo [name: default]
2022-06-01 01:49:20.868  INFO 4156 --- [main] org.hibernate.Version                    : HHH000412: Hibernate ORM core version 5.6.9.Final
2022-06-01 01:49:21.368  INFO 4156 --- [main] o.hibernate.annotations.common.Version   : HCANN000001: Hibernate Commons Annotations {5.1.2.Final}
2022-06-01 01:49:21.577  INFO 4156 --- [main] org.hibernate.dialect.Dialect            : HHH000400: Using dialect: org.hibernate.dialect.MySQL8Dialect
2022-06-01 01:49:22.672  INFO 4156 --- [main] o.h.e.t.j.p.i.JtaPlatformInitiator       : HHH000490: Using JtaPlatform implementation: [org.hibernate.engine.transaction.jta.platform.internal.NoJtaPlatform]
2022-06-01 01:49:22.691  INFO 4156 --- [main] j.LocalContainerEntityManagerFactoryBean : Initialized JPA EntityManagerFactory for persistence unit 'default'
2022-06-01 01:49:23.614  WARN 4156 --- [main] JpaBaseConfiguration$JpaWebConfiguration : spring.jpa.open-in-view is enabled by default. Therefore, database queries may be performed during view rendering. Explicitly configure spring.jpa.open-in-view to disable this warning
2022-06-01 01:49:24.237  INFO 4156 --- [main] o.s.b.w.embedded.tomcat.TomcatWebServer  : Tomcat started on port(s): 9000 (http) with context path ''
2022-06-01 01:49:24.257  INFO 4156 --- [main] c.example.pancakem.PancakeMApplication   : Started PancakeMApplication in 8.735 seconds (JVM running for 10.637)
2022-06-01 01:49:34.820  INFO 4156 --- [http-nio-9000-exec-2] o.a.c.c.C.[Tomcat].[localhost].[/]       : Initializing Spring DispatcherServlet 'dispatcherServlet'
2022-06-01 01:49:34.820  INFO 4156 --- [http-nio-9000-exec-2] o.s.web.servlet.DispatcherServlet        : Initializing Servlet 'dispatcherServlet'
2022-06-01 01:49:34.822  INFO 4156 --- [http-nio-9000-exec-2] o.s.web.servlet.DispatcherServlet        : Completed initialization in 1 ms
2022-06-01 01:54:47.238  INFO 4156 --- [SpringApplicationShutdownHook] j.LocalContainerEntityManagerFactoryBean : Closing JPA EntityManagerFactory for persistence unit 'default'
2022-06-01 01:54:47.345  INFO 4156 --- [SpringApplicationShutdownHook] com.zaxxer.hikari.HikariDataSource       : HikariPool-1 - Shutdown initiated...
2022-06-01 01:54:47.505  INFO 4156 --- [SpringApplicationShutdownHook] com.zaxxer.hikari.HikariDataSource       : HikariPool-1 - Shutdown completed.
2022-06-01 01:55:05.839  INFO 7920 --- [main] c.example.pancakem.PancakeMApplication   : Starting PancakeMApplication using Java 17.0.2 on DESKTOP-G09U01H with PID 7920 (C:\Users\Jovo\IdeaProjects\pancakeM\target\classes started by Jovo in C:\Users\Jovo\IdeaProjects\pancakeM)
2022-06-01 01:55:05.846  INFO 7920 --- [main] c.example.pancakem.PancakeMApplication   : No active profile set, falling back to 1 default profile: "default"
2022-06-01 01:55:07.434  INFO 7920 --- [main] .s.d.r.c.RepositoryConfigurationDelegate : Bootstrapping Spring Data JPA repositories in DEFAULT mode.
2022-06-01 01:55:07.603  INFO 7920 --- [main] .s.d.r.c.RepositoryConfigurationDelegate : Finished Spring Data repository scanning in 152 ms. Found 5 JPA repository interfaces.
2022-06-01 01:55:08.646  INFO 7920 --- [main] o.s.b.w.embedded.tomcat.TomcatWebServer  : Tomcat initialized with port(s): 9000 (http)
2022-06-01 01:55:08.664  INFO 7920 --- [main] o.apache.catalina.core.StandardService   : Starting service [Tomcat]
2022-06-01 01:55:08.666  INFO 7920 --- [main] org.apache.catalina.core.StandardEngine  : Starting Servlet engine: [Apache Tomcat/9.0.63]
2022-06-01 01:55:08.888  INFO 7920 --- [main] o.a.c.c.C.[Tomcat].[localhost].[/]       : Initializing Spring embedded WebApplicationContext
2022-06-01 01:55:08.889  INFO 7920 --- [main] w.s.c.ServletWebServerApplicationContext : Root WebApplicationContext: initialization completed in 2911 ms
2022-06-01 01:55:09.123  INFO 7920 --- [main] com.zaxxer.hikari.HikariDataSource       : HikariPool-1 - Starting...
2022-06-01 01:55:09.797  INFO 7920 --- [main] com.zaxxer.hikari.HikariDataSource       : HikariPool-1 - Start completed.
2022-06-01 01:55:09.883  INFO 7920 --- [main] o.hibernate.jpa.internal.util.LogHelper  : HHH000204: Processing PersistenceUnitInfo [name: default]
2022-06-01 01:55:10.002  INFO 7920 --- [main] org.hibernate.Version                    : HHH000412: Hibernate ORM core version 5.6.9.Final
2022-06-01 01:55:10.430  INFO 7920 --- [main] o.hibernate.annotations.common.Version   : HCANN000001: Hibernate Commons Annotations {5.1.2.Final}
2022-06-01 01:55:10.702  INFO 7920 --- [main] org.hibernate.dialect.Dialect            : HHH000400: Using dialect: org.hibernate.dialect.MySQL8Dialect
2022-06-01 01:55:11.736  INFO 7920 --- [main] o.h.e.t.j.p.i.JtaPlatformInitiator       : HHH000490: Using JtaPlatform implementation: [org.hibernate.engine.transaction.jta.platform.internal.NoJtaPlatform]
2022-06-01 01:55:11.751  INFO 7920 --- [main] j.LocalContainerEntityManagerFactoryBean : Initialized JPA EntityManagerFactory for persistence unit 'default'
2022-06-01 01:55:12.761  WARN 7920 --- [main] JpaBaseConfiguration$JpaWebConfiguration : spring.jpa.open-in-view is enabled by default. Therefore, database queries may be performed during view rendering. Explicitly configure spring.jpa.open-in-view to disable this warning
2022-06-01 01:55:13.400  INFO 7920 --- [main] o.s.b.w.embedded.tomcat.TomcatWebServer  : Tomcat started on port(s): 9000 (http) with context path ''
2022-06-01 01:55:13.421  INFO 7920 --- [main] c.example.pancakem.PancakeMApplication   : Started PancakeMApplication in 8.524 seconds (JVM running for 10.261)
2022-06-01 01:55:25.039  INFO 7920 --- [http-nio-9000-exec-1] o.a.c.c.C.[Tomcat].[localhost].[/]       : Initializing Spring DispatcherServlet 'dispatcherServlet'
2022-06-01 01:55:25.040  INFO 7920 --- [http-nio-9000-exec-1] o.s.web.servlet.DispatcherServlet        : Initializing Servlet 'dispatcherServlet'
2022-06-01 01:55:25.043  INFO 7920 --- [http-nio-9000-exec-1] o.s.web.servlet.DispatcherServlet        : Completed initialization in 2 ms
2022-06-01 02:01:48.842  INFO 7920 --- [SpringApplicationShutdownHook] j.LocalContainerEntityManagerFactoryBean : Closing JPA EntityManagerFactory for persistence unit 'default'
2022-06-01 02:01:49.045  INFO 7920 --- [SpringApplicationShutdownHook] com.zaxxer.hikari.HikariDataSource       : HikariPool-1 - Shutdown initiated...
2022-06-01 02:01:49.399  INFO 7920 --- [SpringApplicationShutdownHook] com.zaxxer.hikari.HikariDataSource       : HikariPool-1 - Shutdown completed.
2022-06-01 02:02:26.964  INFO 5956 --- [main] c.example.pancakem.PancakeMApplication   : Starting PancakeMApplication using Java 17.0.2 on DESKTOP-G09U01H with PID 5956 (C:\Users\Jovo\IdeaProjects\pancakeM\target\classes started by Jovo in C:\Users\Jovo\IdeaProjects\pancakeM)
2022-06-01 02:02:26.972  INFO 5956 --- [main] c.example.pancakem.PancakeMApplication   : No active profile set, falling back to 1 default profile: "default"
2022-06-01 02:02:29.211  INFO 5956 --- [main] .s.d.r.c.RepositoryConfigurationDelegate : Bootstrapping Spring Data JPA repositories in DEFAULT mode.
2022-06-01 02:02:29.565  INFO 5956 --- [main] .s.d.r.c.RepositoryConfigurationDelegate : Finished Spring Data repository scanning in 292 ms. Found 5 JPA repository interfaces.
2022-06-01 02:02:32.832  INFO 5956 --- [main] o.s.b.w.embedded.tomcat.TomcatWebServer  : Tomcat initialized with port(s): 9000 (http)
2022-06-01 02:02:32.863  INFO 5956 --- [main] o.apache.catalina.core.StandardService   : Starting service [Tomcat]
2022-06-01 02:02:32.864  INFO 5956 --- [main] org.apache.catalina.core.StandardEngine  : Starting Servlet engine: [Apache Tomcat/9.0.63]
2022-06-01 02:02:33.199  INFO 5956 --- [main] o.a.c.c.C.[Tomcat].[localhost].[/]       : Initializing Spring embedded WebApplicationContext
2022-06-01 02:02:33.200  INFO 5956 --- [main] w.s.c.ServletWebServerApplicationContext : Root WebApplicationContext: initialization completed in 6068 ms
2022-06-01 02:02:33.564  INFO 5956 --- [main] com.zaxxer.hikari.HikariDataSource       : HikariPool-1 - Starting...
2022-06-01 02:02:34.612  INFO 5956 --- [main] com.zaxxer.hikari.HikariDataSource       : HikariPool-1 - Start completed.
2022-06-01 02:02:34.736  INFO 5956 --- [main] o.hibernate.jpa.internal.util.LogHelper  : HHH000204: Processing PersistenceUnitInfo [name: default]
2022-06-01 02:02:34.926  INFO 5956 --- [main] org.hibernate.Version                    : HHH000412: Hibernate ORM core version 5.6.9.Final
2022-06-01 02:02:35.451  INFO 5956 --- [main] o.hibernate.annotations.common.Version   : HCANN000001: Hibernate Commons Annotations {5.1.2.Final}
2022-06-01 02:02:35.737  INFO 5956 --- [main] org.hibernate.dialect.Dialect            : HHH000400: Using dialect: org.hibernate.dialect.MySQL8Dialect
2022-06-01 02:02:37.009  INFO 5956 --- [main] o.h.e.t.j.p.i.JtaPlatformInitiator       : HHH000490: Using JtaPlatform implementation: [org.hibernate.engine.transaction.jta.platform.internal.NoJtaPlatform]
2022-06-01 02:02:37.039  INFO 5956 --- [main] j.LocalContainerEntityManagerFactoryBean : Initialized JPA EntityManagerFactory for persistence unit 'default'
2022-06-01 02:02:38.149  WARN 5956 --- [main] JpaBaseConfiguration$JpaWebConfiguration : spring.jpa.open-in-view is enabled by default. Therefore, database queries may be performed during view rendering. Explicitly configure spring.jpa.open-in-view to disable this warning
2022-06-01 02:02:39.143  INFO 5956 --- [main] o.s.b.w.embedded.tomcat.TomcatWebServer  : Tomcat started on port(s): 9000 (http) with context path ''
2022-06-01 02:02:39.170  INFO 5956 --- [main] c.example.pancakem.PancakeMApplication   : Started PancakeMApplication in 13.37 seconds (JVM running for 16.805)
2022-06-01 02:02:57.486  INFO 5956 --- [http-nio-9000-exec-2] o.a.c.c.C.[Tomcat].[localhost].[/]       : Initializing Spring DispatcherServlet 'dispatcherServlet'
2022-06-01 02:02:57.486  INFO 5956 --- [http-nio-9000-exec-2] o.s.web.servlet.DispatcherServlet        : Initializing Servlet 'dispatcherServlet'
2022-06-01 02:02:57.491  INFO 5956 --- [http-nio-9000-exec-2] o.s.web.servlet.DispatcherServlet        : Completed initialization in 4 ms
2022-06-01 02:05:30.662  INFO 5956 --- [SpringApplicationShutdownHook] j.LocalContainerEntityManagerFactoryBean : Closing JPA EntityManagerFactory for persistence unit 'default'
2022-06-01 02:05:30.919  INFO 5956 --- [SpringApplicationShutdownHook] com.zaxxer.hikari.HikariDataSource       : HikariPool-1 - Shutdown initiated...
2022-06-01 02:05:31.208  INFO 5956 --- [SpringApplicationShutdownHook] com.zaxxer.hikari.HikariDataSource       : HikariPool-1 - Shutdown completed.
2022-06-01 02:05:54.442  INFO 7308 --- [main] c.example.pancakem.PancakeMApplication   : Starting PancakeMApplication using Java 17.0.2 on DESKTOP-G09U01H with PID 7308 (C:\Users\Jovo\IdeaProjects\pancakeM\target\classes started by Jovo in C:\Users\Jovo\IdeaProjects\pancakeM)
2022-06-01 02:05:54.452  INFO 7308 --- [main] c.example.pancakem.PancakeMApplication   : No active profile set, falling back to 1 default profile: "default"
2022-06-01 02:05:58.343  INFO 7308 --- [main] .s.d.r.c.RepositoryConfigurationDelegate : Bootstrapping Spring Data JPA repositories in DEFAULT mode.
2022-06-01 02:05:58.644  INFO 7308 --- [main] .s.d.r.c.RepositoryConfigurationDelegate : Finished Spring Data repository scanning in 246 ms. Found 5 JPA repository interfaces.
2022-06-01 02:06:00.330  INFO 7308 --- [main] o.s.b.w.embedded.tomcat.TomcatWebServer  : Tomcat initialized with port(s): 9000 (http)
2022-06-01 02:06:00.349  INFO 7308 --- [main] o.apache.catalina.core.StandardService   : Starting service [Tomcat]
2022-06-01 02:06:00.350  INFO 7308 --- [main] org.apache.catalina.core.StandardEngine  : Starting Servlet engine: [Apache Tomcat/9.0.63]
2022-06-01 02:06:00.619  INFO 7308 --- [main] o.a.c.c.C.[Tomcat].[localhost].[/]       : Initializing Spring embedded WebApplicationContext
2022-06-01 02:06:00.620  INFO 7308 --- [main] w.s.c.ServletWebServerApplicationContext : Root WebApplicationContext: initialization completed in 5981 ms
2022-06-01 02:06:00.942  INFO 7308 --- [main] com.zaxxer.hikari.HikariDataSource       : HikariPool-1 - Starting...
2022-06-01 02:06:01.841  INFO 7308 --- [main] com.zaxxer.hikari.HikariDataSource       : HikariPool-1 - Start completed.
2022-06-01 02:06:01.949  INFO 7308 --- [main] o.hibernate.jpa.internal.util.LogHelper  : HHH000204: Processing PersistenceUnitInfo [name: default]
2022-06-01 02:06:02.200  INFO 7308 --- [main] org.hibernate.Version                    : HHH000412: Hibernate ORM core version 5.6.9.Final
2022-06-01 02:06:02.635  INFO 7308 --- [main] o.hibernate.annotations.common.Version   : HCANN000001: Hibernate Commons Annotations {5.1.2.Final}
2022-06-01 02:06:02.883  INFO 7308 --- [main] org.hibernate.dialect.Dialect            : HHH000400: Using dialect: org.hibernate.dialect.MySQL8Dialect
2022-06-01 02:06:04.539  INFO 7308 --- [main] o.h.e.t.j.p.i.JtaPlatformInitiator       : HHH000490: Using JtaPlatform implementation: [org.hibernate.engine.transaction.jta.platform.internal.NoJtaPlatform]
2022-06-01 02:06:04.610  INFO 7308 --- [main] j.LocalContainerEntityManagerFactoryBean : Initialized JPA EntityManagerFactory for persistence unit 'default'
2022-06-01 02:06:07.008  WARN 7308 --- [main] JpaBaseConfiguration$JpaWebConfiguration : spring.jpa.open-in-view is enabled by default. Therefore, database queries may be performed during view rendering. Explicitly configure spring.jpa.open-in-view to disable this warning
2022-06-01 02:06:07.710  INFO 7308 --- [main] o.s.b.w.embedded.tomcat.TomcatWebServer  : Tomcat started on port(s): 9000 (http) with context path ''
2022-06-01 02:06:07.726  INFO 7308 --- [main] c.example.pancakem.PancakeMApplication   : Started PancakeMApplication in 15.027 seconds (JVM running for 17.551)
2022-06-01 02:06:16.575  INFO 7308 --- [http-nio-9000-exec-2] o.a.c.c.C.[Tomcat].[localhost].[/]       : Initializing Spring DispatcherServlet 'dispatcherServlet'
2022-06-01 02:06:16.576  INFO 7308 --- [http-nio-9000-exec-2] o.s.web.servlet.DispatcherServlet        : Initializing Servlet 'dispatcherServlet'
2022-06-01 02:06:16.581  INFO 7308 --- [http-nio-9000-exec-2] o.s.web.servlet.DispatcherServlet        : Completed initialization in 5 ms
2022-06-01 02:14:00.745  INFO 7308 --- [SpringApplicationShutdownHook] j.LocalContainerEntityManagerFactoryBean : Closing JPA EntityManagerFactory for persistence unit 'default'
2022-06-01 02:14:01.049  INFO 7308 --- [SpringApplicationShutdownHook] com.zaxxer.hikari.HikariDataSource       : HikariPool-1 - Shutdown initiated...
2022-06-01 02:14:01.232  INFO 7308 --- [SpringApplicationShutdownHook] com.zaxxer.hikari.HikariDataSource       : HikariPool-1 - Shutdown completed.
2022-06-01 02:14:43.635  INFO 11520 --- [main] c.example.pancakem.PancakeMApplication   : Starting PancakeMApplication using Java 17.0.2 on DESKTOP-G09U01H with PID 11520 (C:\Users\Jovo\IdeaProjects\pancakeM\target\classes started by Jovo in C:\Users\Jovo\IdeaProjects\pancakeM)
2022-06-01 02:14:43.643  INFO 11520 --- [main] c.example.pancakem.PancakeMApplication   : No active profile set, falling back to 1 default profile: "default"
2022-06-01 02:14:46.375  INFO 11520 --- [main] .s.d.r.c.RepositoryConfigurationDelegate : Bootstrapping Spring Data JPA repositories in DEFAULT mode.
2022-06-01 02:14:46.604  INFO 11520 --- [main] .s.d.r.c.RepositoryConfigurationDelegate : Finished Spring Data repository scanning in 201 ms. Found 5 JPA repository interfaces.
2022-06-01 02:14:47.843  INFO 11520 --- [main] o.s.b.w.embedded.tomcat.TomcatWebServer  : Tomcat initialized with port(s): 9000 (http)
2022-06-01 02:14:47.858  INFO 11520 --- [main] o.apache.catalina.core.StandardService   : Starting service [Tomcat]
2022-06-01 02:14:47.859  INFO 11520 --- [main] org.apache.catalina.core.StandardEngine  : Starting Servlet engine: [Apache Tomcat/9.0.63]
2022-06-01 02:14:48.072  INFO 11520 --- [main] o.a.c.c.C.[Tomcat].[localhost].[/]       : Initializing Spring embedded WebApplicationContext
2022-06-01 02:14:48.073  INFO 11520 --- [main] w.s.c.ServletWebServerApplicationContext : Root WebApplicationContext: initialization completed in 4095 ms
2022-06-01 02:14:48.505  INFO 11520 --- [main] com.zaxxer.hikari.HikariDataSource       : HikariPool-1 - Starting...
2022-06-01 02:14:49.429  INFO 11520 --- [main] com.zaxxer.hikari.HikariDataSource       : HikariPool-1 - Start completed.
2022-06-01 02:14:49.527  INFO 11520 --- [main] o.hibernate.jpa.internal.util.LogHelper  : HHH000204: Processing PersistenceUnitInfo [name: default]
2022-06-01 02:14:49.679  INFO 11520 --- [main] org.hibernate.Version                    : HHH000412: Hibernate ORM core version 5.6.9.Final
2022-06-01 02:14:50.103  INFO 11520 --- [main] o.hibernate.annotations.common.Version   : HCANN000001: Hibernate Commons Annotations {5.1.2.Final}
2022-06-01 02:14:50.346  INFO 11520 --- [main] org.hibernate.dialect.Dialect            : HHH000400: Using dialect: org.hibernate.dialect.MySQL8Dialect
2022-06-01 02:14:51.543  INFO 11520 --- [main] o.h.e.t.j.p.i.JtaPlatformInitiator       : HHH000490: Using JtaPlatform implementation: [org.hibernate.engine.transaction.jta.platform.internal.NoJtaPlatform]
2022-06-01 02:14:51.558  INFO 11520 --- [main] j.LocalContainerEntityManagerFactoryBean : Initialized JPA EntityManagerFactory for persistence unit 'default'
2022-06-01 02:14:52.467  WARN 11520 --- [main] JpaBaseConfiguration$JpaWebConfiguration : spring.jpa.open-in-view is enabled by default. Therefore, database queries may be performed during view rendering. Explicitly configure spring.jpa.open-in-view to disable this warning
2022-06-01 02:14:53.061  INFO 11520 --- [main] o.s.b.w.embedded.tomcat.TomcatWebServer  : Tomcat started on port(s): 9000 (http) with context path ''
2022-06-01 02:14:53.079  INFO 11520 --- [main] c.example.pancakem.PancakeMApplication   : Started PancakeMApplication in 11.114 seconds (JVM running for 13.482)
2022-06-01 02:15:10.799  INFO 11520 --- [http-nio-9000-exec-1] o.a.c.c.C.[Tomcat].[localhost].[/]       : Initializing Spring DispatcherServlet 'dispatcherServlet'
2022-06-01 02:15:10.801  INFO 11520 --- [http-nio-9000-exec-1] o.s.web.servlet.DispatcherServlet        : Initializing Servlet 'dispatcherServlet'
2022-06-01 02:15:10.804  INFO 11520 --- [http-nio-9000-exec-1] o.s.web.servlet.DispatcherServlet        : Completed initialization in 2 ms
2022-06-01 02:15:39.994  INFO 11520 --- [SpringApplicationShutdownHook] j.LocalContainerEntityManagerFactoryBean : Closing JPA EntityManagerFactory for persistence unit 'default'
2022-06-01 02:15:40.318  INFO 11520 --- [SpringApplicationShutdownHook] com.zaxxer.hikari.HikariDataSource       : HikariPool-1 - Shutdown initiated...
2022-06-01 02:15:40.485  INFO 11520 --- [SpringApplicationShutdownHook] com.zaxxer.hikari.HikariDataSource       : HikariPool-1 - Shutdown completed.
2022-06-01 02:15:56.821  INFO 7376 --- [main] c.example.pancakem.PancakeMApplication   : Starting PancakeMApplication using Java 17.0.2 on DESKTOP-G09U01H with PID 7376 (C:\Users\Jovo\IdeaProjects\pancakeM\target\classes started by Jovo in C:\Users\Jovo\IdeaProjects\pancakeM)
2022-06-01 02:15:56.831  INFO 7376 --- [main] c.example.pancakem.PancakeMApplication   : No active profile set, falling back to 1 default profile: "default"
2022-06-01 02:15:58.766  INFO 7376 --- [main] .s.d.r.c.RepositoryConfigurationDelegate : Bootstrapping Spring Data JPA repositories in DEFAULT mode.
2022-06-01 02:15:58.998  INFO 7376 --- [main] .s.d.r.c.RepositoryConfigurationDelegate : Finished Spring Data repository scanning in 184 ms. Found 5 JPA repository interfaces.
2022-06-01 02:16:00.190  INFO 7376 --- [main] o.s.b.w.embedded.tomcat.TomcatWebServer  : Tomcat initialized with port(s): 9000 (http)
2022-06-01 02:16:00.208  INFO 7376 --- [main] o.apache.catalina.core.StandardService   : Starting service [Tomcat]
2022-06-01 02:16:00.209  INFO 7376 --- [main] org.apache.catalina.core.StandardEngine  : Starting Servlet engine: [Apache Tomcat/9.0.63]
2022-06-01 02:16:00.442  INFO 7376 --- [main] o.a.c.c.C.[Tomcat].[localhost].[/]       : Initializing Spring embedded WebApplicationContext
2022-06-01 02:16:00.444  INFO 7376 --- [main] w.s.c.ServletWebServerApplicationContext : Root WebApplicationContext: initialization completed in 3437 ms
2022-06-01 02:16:00.757  INFO 7376 --- [main] com.zaxxer.hikari.HikariDataSource       : HikariPool-1 - Starting...
2022-06-01 02:16:01.417  INFO 7376 --- [main] com.zaxxer.hikari.HikariDataSource       : HikariPool-1 - Start completed.
2022-06-01 02:16:01.499  INFO 7376 --- [main] o.hibernate.jpa.internal.util.LogHelper  : HHH000204: Processing PersistenceUnitInfo [name: default]
2022-06-01 02:16:01.606  INFO 7376 --- [main] org.hibernate.Version                    : HHH000412: Hibernate ORM core version 5.6.9.Final
2022-06-01 02:16:02.104  INFO 7376 --- [main] o.hibernate.annotations.common.Version   : HCANN000001: Hibernate Commons Annotations {5.1.2.Final}
2022-06-01 02:16:02.331  INFO 7376 --- [main] org.hibernate.dialect.Dialect            : HHH000400: Using dialect: org.hibernate.dialect.MySQL8Dialect
2022-06-01 02:16:03.452  INFO 7376 --- [main] o.h.e.t.j.p.i.JtaPlatformInitiator       : HHH000490: Using JtaPlatform implementation: [org.hibernate.engine.transaction.jta.platform.internal.NoJtaPlatform]
2022-06-01 02:16:03.474  INFO 7376 --- [main] j.LocalContainerEntityManagerFactoryBean : Initialized JPA EntityManagerFactory for persistence unit 'default'
2022-06-01 02:16:04.429  WARN 7376 --- [main] JpaBaseConfiguration$JpaWebConfiguration : spring.jpa.open-in-view is enabled by default. Therefore, database queries may be performed during view rendering. Explicitly configure spring.jpa.open-in-view to disable this warning
2022-06-01 02:16:05.083  INFO 7376 --- [main] o.s.b.w.embedded.tomcat.TomcatWebServer  : Tomcat started on port(s): 9000 (http) with context path ''
2022-06-01 02:16:05.099  INFO 7376 --- [main] c.example.pancakem.PancakeMApplication   : Started PancakeMApplication in 9.439 seconds (JVM running for 12.707)
2022-06-01 02:16:12.261  INFO 7376 --- [http-nio-9000-exec-2] o.a.c.c.C.[Tomcat].[localhost].[/]       : Initializing Spring DispatcherServlet 'dispatcherServlet'
2022-06-01 02:16:12.262  INFO 7376 --- [http-nio-9000-exec-2] o.s.web.servlet.DispatcherServlet        : Initializing Servlet 'dispatcherServlet'
2022-06-01 02:16:12.273  INFO 7376 --- [http-nio-9000-exec-2] o.s.web.servlet.DispatcherServlet        : Completed initialization in 4 ms
2022-06-01 02:21:37.029  INFO 7376 --- [SpringApplicationShutdownHook] j.LocalContainerEntityManagerFactoryBean : Closing JPA EntityManagerFactory for persistence unit 'default'
2022-06-01 02:21:37.236  INFO 7376 --- [SpringApplicationShutdownHook] com.zaxxer.hikari.HikariDataSource       : HikariPool-1 - Shutdown initiated...
2022-06-01 02:21:37.522  INFO 7376 --- [SpringApplicationShutdownHook] com.zaxxer.hikari.HikariDataSource       : HikariPool-1 - Shutdown completed.
2022-06-01 02:22:10.851  INFO 12624 --- [main] c.example.pancakem.PancakeMApplication   : Starting PancakeMApplication using Java 17.0.2 on DESKTOP-G09U01H with PID 12624 (C:\Users\Jovo\IdeaProjects\pancakeM\target\classes started by Jovo in C:\Users\Jovo\IdeaProjects\pancakeM)
2022-06-01 02:22:10.858  INFO 12624 --- [main] c.example.pancakem.PancakeMApplication   : No active profile set, falling back to 1 default profile: "default"
2022-06-01 02:22:12.659  INFO 12624 --- [main] .s.d.r.c.RepositoryConfigurationDelegate : Bootstrapping Spring Data JPA repositories in DEFAULT mode.
2022-06-01 02:22:12.987  INFO 12624 --- [main] .s.d.r.c.RepositoryConfigurationDelegate : Finished Spring Data repository scanning in 255 ms. Found 5 JPA repository interfaces.
2022-06-01 02:22:14.285  INFO 12624 --- [main] o.s.b.w.embedded.tomcat.TomcatWebServer  : Tomcat initialized with port(s): 9000 (http)
2022-06-01 02:22:14.346  INFO 12624 --- [main] o.apache.catalina.core.StandardService   : Starting service [Tomcat]
2022-06-01 02:22:14.348  INFO 12624 --- [main] org.apache.catalina.core.StandardEngine  : Starting Servlet engine: [Apache Tomcat/9.0.63]
2022-06-01 02:22:14.655  INFO 12624 --- [main] o.a.c.c.C.[Tomcat].[localhost].[/]       : Initializing Spring embedded WebApplicationContext
2022-06-01 02:22:14.656  INFO 12624 --- [main] w.s.c.ServletWebServerApplicationContext : Root WebApplicationContext: initialization completed in 3671 ms
2022-06-01 02:22:14.928  INFO 12624 --- [main] com.zaxxer.hikari.HikariDataSource       : HikariPool-1 - Starting...
2022-06-01 02:22:15.804  INFO 12624 --- [main] com.zaxxer.hikari.HikariDataSource       : HikariPool-1 - Start completed.
2022-06-01 02:22:15.881  INFO 12624 --- [main] o.hibernate.jpa.internal.util.LogHelper  : HHH000204: Processing PersistenceUnitInfo [name: default]
2022-06-01 02:22:16.003  INFO 12624 --- [main] org.hibernate.Version                    : HHH000412: Hibernate ORM core version 5.6.9.Final
2022-06-01 02:22:16.894  INFO 12624 --- [main] o.hibernate.annotations.common.Version   : HCANN000001: Hibernate Commons Annotations {5.1.2.Final}
2022-06-01 02:22:17.159  INFO 12624 --- [main] org.hibernate.dialect.Dialect            : HHH000400: Using dialect: org.hibernate.dialect.MySQL8Dialect
2022-06-01 02:22:18.165  INFO 12624 --- [main] o.h.e.t.j.p.i.JtaPlatformInitiator       : HHH000490: Using JtaPlatform implementation: [org.hibernate.engine.transaction.jta.platform.internal.NoJtaPlatform]
2022-06-01 02:22:18.184  INFO 12624 --- [main] j.LocalContainerEntityManagerFactoryBean : Initialized JPA EntityManagerFactory for persistence unit 'default'
2022-06-01 02:22:19.067  WARN 12624 --- [main] JpaBaseConfiguration$JpaWebConfiguration : spring.jpa.open-in-view is enabled by default. Therefore, database queries may be performed during view rendering. Explicitly configure spring.jpa.open-in-view to disable this warning
2022-06-01 02:22:19.647  INFO 12624 --- [main] o.s.b.w.embedded.tomcat.TomcatWebServer  : Tomcat started on port(s): 9000 (http) with context path ''
2022-06-01 02:22:19.664  INFO 12624 --- [main] c.example.pancakem.PancakeMApplication   : Started PancakeMApplication in 9.81 seconds (JVM running for 12.413)
2022-06-01 02:23:14.689  INFO 12624 --- [http-nio-9000-exec-2] o.a.c.c.C.[Tomcat].[localhost].[/]       : Initializing Spring DispatcherServlet 'dispatcherServlet'
2022-06-01 02:23:14.690  INFO 12624 --- [http-nio-9000-exec-2] o.s.web.servlet.DispatcherServlet        : Initializing Servlet 'dispatcherServlet'
2022-06-01 02:23:14.692  INFO 12624 --- [http-nio-9000-exec-2] o.s.web.servlet.DispatcherServlet        : Completed initialization in 2 ms
2022-06-01 02:26:01.347  INFO 12624 --- [SpringApplicationShutdownHook] j.LocalContainerEntityManagerFactoryBean : Closing JPA EntityManagerFactory for persistence unit 'default'
2022-06-01 02:26:01.467  INFO 12624 --- [SpringApplicationShutdownHook] com.zaxxer.hikari.HikariDataSource       : HikariPool-1 - Shutdown initiated...
2022-06-01 02:26:01.615  INFO 12624 --- [SpringApplicationShutdownHook] com.zaxxer.hikari.HikariDataSource       : HikariPool-1 - Shutdown completed.
2022-06-01 02:26:22.313  INFO 5184 --- [main] c.example.pancakem.PancakeMApplication   : Starting PancakeMApplication using Java 17.0.2 on DESKTOP-G09U01H with PID 5184 (C:\Users\Jovo\IdeaProjects\pancakeM\target\classes started by Jovo in C:\Users\Jovo\IdeaProjects\pancakeM)
2022-06-01 02:26:22.322  INFO 5184 --- [main] c.example.pancakem.PancakeMApplication   : No active profile set, falling back to 1 default profile: "default"
2022-06-01 02:26:25.506  INFO 5184 --- [main] .s.d.r.c.RepositoryConfigurationDelegate : Bootstrapping Spring Data JPA repositories in DEFAULT mode.
2022-06-01 02:26:27.458  INFO 5184 --- [main] .s.d.r.c.RepositoryConfigurationDelegate : Finished Spring Data repository scanning in 1918 ms. Found 5 JPA repository interfaces.
2022-06-01 02:26:32.769  INFO 5184 --- [main] o.s.b.w.embedded.tomcat.TomcatWebServer  : Tomcat initialized with port(s): 9000 (http)
2022-06-01 02:26:32.825  INFO 5184 --- [main] o.apache.catalina.core.StandardService   : Starting service [Tomcat]
2022-06-01 02:26:32.827  INFO 5184 --- [main] org.apache.catalina.core.StandardEngine  : Starting Servlet engine: [Apache Tomcat/9.0.63]
2022-06-01 02:26:33.346  INFO 5184 --- [main] o.a.c.c.C.[Tomcat].[localhost].[/]       : Initializing Spring embedded WebApplicationContext
2022-06-01 02:26:33.366  INFO 5184 --- [main] w.s.c.ServletWebServerApplicationContext : Root WebApplicationContext: initialization completed in 10893 ms
2022-06-01 02:26:33.907  INFO 5184 --- [main] com.zaxxer.hikari.HikariDataSource       : HikariPool-1 - Starting...
2022-06-01 02:26:35.159  INFO 5184 --- [main] com.zaxxer.hikari.HikariDataSource       : HikariPool-1 - Start completed.
2022-06-01 02:26:35.333  INFO 5184 --- [main] o.hibernate.jpa.internal.util.LogHelper  : HHH000204: Processing PersistenceUnitInfo [name: default]
2022-06-01 02:26:35.773  INFO 5184 --- [main] org.hibernate.Version                    : HHH000412: Hibernate ORM core version 5.6.9.Final
2022-06-01 02:26:36.799  INFO 5184 --- [main] o.hibernate.annotations.common.Version   : HCANN000001: Hibernate Commons Annotations {5.1.2.Final}
2022-06-01 02:26:37.597  INFO 5184 --- [main] org.hibernate.dialect.Dialect            : HHH000400: Using dialect: org.hibernate.dialect.MySQL8Dialect
2022-06-01 02:26:40.823  INFO 5184 --- [main] o.h.e.t.j.p.i.JtaPlatformInitiator       : HHH000490: Using JtaPlatform implementation: [org.hibernate.engine.transaction.jta.platform.internal.NoJtaPlatform]
2022-06-01 02:26:40.857  INFO 5184 --- [main] j.LocalContainerEntityManagerFactoryBean : Initialized JPA EntityManagerFactory for persistence unit 'default'
2022-06-01 02:26:44.899  WARN 5184 --- [main] JpaBaseConfiguration$JpaWebConfiguration : spring.jpa.open-in-view is enabled by default. Therefore, database queries may be performed during view rendering. Explicitly configure spring.jpa.open-in-view to disable this warning
2022-06-01 02:26:46.231  INFO 5184 --- [main] o.s.b.w.embedded.tomcat.TomcatWebServer  : Tomcat started on port(s): 9000 (http) with context path ''
2022-06-01 02:26:46.256  INFO 5184 --- [main] c.example.pancakem.PancakeMApplication   : Started PancakeMApplication in 25.197 seconds (JVM running for 28.213)
2022-06-01 02:26:59.693  INFO 5184 --- [http-nio-9000-exec-2] o.a.c.c.C.[Tomcat].[localhost].[/]       : Initializing Spring DispatcherServlet 'dispatcherServlet'
2022-06-01 02:26:59.694  INFO 5184 --- [http-nio-9000-exec-2] o.s.web.servlet.DispatcherServlet        : Initializing Servlet 'dispatcherServlet'
2022-06-01 02:26:59.703  INFO 5184 --- [http-nio-9000-exec-2] o.s.web.servlet.DispatcherServlet        : Completed initialization in 8 ms
2022-06-01 02:27:38.010  INFO 5184 --- [SpringApplicationShutdownHook] j.LocalContainerEntityManagerFactoryBean : Closing JPA EntityManagerFactory for persistence unit 'default'
2022-06-01 02:27:38.123  INFO 5184 --- [SpringApplicationShutdownHook] com.zaxxer.hikari.HikariDataSource       : HikariPool-1 - Shutdown initiated...
2022-06-01 02:27:38.387  INFO 5184 --- [SpringApplicationShutdownHook] com.zaxxer.hikari.HikariDataSource       : HikariPool-1 - Shutdown completed.
2022-06-01 02:27:54.873  INFO 7504 --- [main] c.example.pancakem.PancakeMApplication   : Starting PancakeMApplication using Java 17.0.2 on DESKTOP-G09U01H with PID 7504 (C:\Users\Jovo\IdeaProjects\pancakeM\target\classes started by Jovo in C:\Users\Jovo\IdeaProjects\pancakeM)
2022-06-01 02:27:54.885  INFO 7504 --- [main] c.example.pancakem.PancakeMApplication   : No active profile set, falling back to 1 default profile: "default"
2022-06-01 02:27:56.519  INFO 7504 --- [main] .s.d.r.c.RepositoryConfigurationDelegate : Bootstrapping Spring Data JPA repositories in DEFAULT mode.
2022-06-01 02:27:56.735  INFO 7504 --- [main] .s.d.r.c.RepositoryConfigurationDelegate : Finished Spring Data repository scanning in 188 ms. Found 5 JPA repository interfaces.
2022-06-01 02:27:57.760  INFO 7504 --- [main] o.s.b.w.embedded.tomcat.TomcatWebServer  : Tomcat initialized with port(s): 9000 (http)
2022-06-01 02:27:57.775  INFO 7504 --- [main] o.apache.catalina.core.StandardService   : Starting service [Tomcat]
2022-06-01 02:27:57.776  INFO 7504 --- [main] org.apache.catalina.core.StandardEngine  : Starting Servlet engine: [Apache Tomcat/9.0.63]
2022-06-01 02:27:57.977  INFO 7504 --- [main] o.a.c.c.C.[Tomcat].[localhost].[/]       : Initializing Spring embedded WebApplicationContext
2022-06-01 02:27:57.979  INFO 7504 --- [main] w.s.c.ServletWebServerApplicationContext : Root WebApplicationContext: initialization completed in 2955 ms
2022-06-01 02:27:58.220  INFO 7504 --- [main] com.zaxxer.hikari.HikariDataSource       : HikariPool-1 - Starting...
2022-06-01 02:27:58.939  INFO 7504 --- [main] com.zaxxer.hikari.HikariDataSource       : HikariPool-1 - Start completed.
2022-06-01 02:27:59.014  INFO 7504 --- [main] o.hibernate.jpa.internal.util.LogHelper  : HHH000204: Processing PersistenceUnitInfo [name: default]
2022-06-01 02:27:59.134  INFO 7504 --- [main] org.hibernate.Version                    : HHH000412: Hibernate ORM core version 5.6.9.Final
2022-06-01 02:27:59.780  INFO 7504 --- [main] o.hibernate.annotations.common.Version   : HCANN000001: Hibernate Commons Annotations {5.1.2.Final}
2022-06-01 02:27:59.981  INFO 7504 --- [main] org.hibernate.dialect.Dialect            : HHH000400: Using dialect: org.hibernate.dialect.MySQL8Dialect
2022-06-01 02:28:01.116  INFO 7504 --- [main] o.h.e.t.j.p.i.JtaPlatformInitiator       : HHH000490: Using JtaPlatform implementation: [org.hibernate.engine.transaction.jta.platform.internal.NoJtaPlatform]
2022-06-01 02:28:01.138  INFO 7504 --- [main] j.LocalContainerEntityManagerFactoryBean : Initialized JPA EntityManagerFactory for persistence unit 'default'
2022-06-01 02:28:02.075  WARN 7504 --- [main] JpaBaseConfiguration$JpaWebConfiguration : spring.jpa.open-in-view is enabled by default. Therefore, database queries may be performed during view rendering. Explicitly configure spring.jpa.open-in-view to disable this warning
2022-06-01 02:28:02.712  INFO 7504 --- [main] o.s.b.w.embedded.tomcat.TomcatWebServer  : Tomcat started on port(s): 9000 (http) with context path ''
2022-06-01 02:28:02.728  INFO 7504 --- [main] c.example.pancakem.PancakeMApplication   : Started PancakeMApplication in 8.908 seconds (JVM running for 12.065)
2022-06-01 02:28:19.783  INFO 7504 --- [http-nio-9000-exec-2] o.a.c.c.C.[Tomcat].[localhost].[/]       : Initializing Spring DispatcherServlet 'dispatcherServlet'
2022-06-01 02:28:19.785  INFO 7504 --- [http-nio-9000-exec-2] o.s.web.servlet.DispatcherServlet        : Initializing Servlet 'dispatcherServlet'
2022-06-01 02:28:19.789  INFO 7504 --- [http-nio-9000-exec-2] o.s.web.servlet.DispatcherServlet        : Completed initialization in 3 ms
2022-06-01 03:00:11.726  INFO 7504 --- [SpringApplicationShutdownHook] j.LocalContainerEntityManagerFactoryBean : Closing JPA EntityManagerFactory for persistence unit 'default'
2022-06-01 03:00:11.937  INFO 7504 --- [SpringApplicationShutdownHook] com.zaxxer.hikari.HikariDataSource       : HikariPool-1 - Shutdown initiated...
2022-06-01 03:00:12.060  INFO 7504 --- [SpringApplicationShutdownHook] com.zaxxer.hikari.HikariDataSource       : HikariPool-1 - Shutdown completed.
2022-06-01 03:00:31.540  INFO 11972 --- [main] c.example.pancakem.PancakeMApplication   : Starting PancakeMApplication using Java 17.0.2 on DESKTOP-G09U01H with PID 11972 (C:\Users\Jovo\IdeaProjects\pancakeM\target\classes started by Jovo in C:\Users\Jovo\IdeaProjects\pancakeM)
2022-06-01 03:00:31.548  INFO 11972 --- [main] c.example.pancakem.PancakeMApplication   : No active profile set, falling back to 1 default profile: "default"
2022-06-01 03:00:33.485  INFO 11972 --- [main] .s.d.r.c.RepositoryConfigurationDelegate : Bootstrapping Spring Data JPA repositories in DEFAULT mode.
2022-06-01 03:00:33.708  INFO 11972 --- [main] .s.d.r.c.RepositoryConfigurationDelegate : Finished Spring Data repository scanning in 192 ms. Found 5 JPA repository interfaces.
2022-06-01 03:00:34.939  INFO 11972 --- [main] o.s.b.w.embedded.tomcat.TomcatWebServer  : Tomcat initialized with port(s): 9000 (http)
2022-06-01 03:00:34.955  INFO 11972 --- [main] o.apache.catalina.core.StandardService   : Starting service [Tomcat]
2022-06-01 03:00:34.956  INFO 11972 --- [main] org.apache.catalina.core.StandardEngine  : Starting Servlet engine: [Apache Tomcat/9.0.63]
2022-06-01 03:00:35.144  INFO 11972 --- [main] o.a.c.c.C.[Tomcat].[localhost].[/]       : Initializing Spring embedded WebApplicationContext
2022-06-01 03:00:35.145  INFO 11972 --- [main] w.s.c.ServletWebServerApplicationContext : Root WebApplicationContext: initialization completed in 3451 ms
2022-06-01 03:00:35.466  INFO 11972 --- [main] com.zaxxer.hikari.HikariDataSource       : HikariPool-1 - Starting...
2022-06-01 03:00:36.256  INFO 11972 --- [main] com.zaxxer.hikari.HikariDataSource       : HikariPool-1 - Start completed.
2022-06-01 03:00:36.350  INFO 11972 --- [main] o.hibernate.jpa.internal.util.LogHelper  : HHH000204: Processing PersistenceUnitInfo [name: default]
2022-06-01 03:00:36.872  INFO 11972 --- [main] org.hibernate.Version                    : HHH000412: Hibernate ORM core version 5.6.9.Final
2022-06-01 03:00:37.218  INFO 11972 --- [main] o.hibernate.annotations.common.Version   : HCANN000001: Hibernate Commons Annotations {5.1.2.Final}
2022-06-01 03:00:37.460  INFO 11972 --- [main] org.hibernate.dialect.Dialect            : HHH000400: Using dialect: org.hibernate.dialect.MySQL8Dialect
2022-06-01 03:00:38.489  INFO 11972 --- [main] o.h.e.t.j.p.i.JtaPlatformInitiator       : HHH000490: Using JtaPlatform implementation: [org.hibernate.engine.transaction.jta.platform.internal.NoJtaPlatform]
2022-06-01 03:00:38.504  INFO 11972 --- [main] j.LocalContainerEntityManagerFactoryBean : Initialized JPA EntityManagerFactory for persistence unit 'default'
2022-06-01 03:00:39.455  WARN 11972 --- [main] JpaBaseConfiguration$JpaWebConfiguration : spring.jpa.open-in-view is enabled by default. Therefore, database queries may be performed during view rendering. Explicitly configure spring.jpa.open-in-view to disable this warning
2022-06-01 03:00:40.060  INFO 11972 --- [main] o.s.b.w.embedded.tomcat.TomcatWebServer  : Tomcat started on port(s): 9000 (http) with context path ''
2022-06-01 03:00:40.076  INFO 11972 --- [main] c.example.pancakem.PancakeMApplication   : Started PancakeMApplication in 9.689 seconds (JVM running for 12.665)
2022-06-01 03:01:21.908  INFO 11972 --- [http-nio-9000-exec-2] o.a.c.c.C.[Tomcat].[localhost].[/]       : Initializing Spring DispatcherServlet 'dispatcherServlet'
2022-06-01 03:01:21.912  INFO 11972 --- [http-nio-9000-exec-2] o.s.web.servlet.DispatcherServlet        : Initializing Servlet 'dispatcherServlet'
2022-06-01 03:01:21.939  INFO 11972 --- [http-nio-9000-exec-2] o.s.web.servlet.DispatcherServlet        : Completed initialization in 27 ms
2022-06-01 03:02:22.096 ERROR 11972 --- [http-nio-9000-exec-5] c.e.p.controllers.OrdersController       : java.lang.NullPointerException: Cannot invoke "java.util.List.add(Object)" because "list2" is null
com.example.pancakem.services.impl.OrderServiceImpl.findByIdWithPriceAndPancakePrices(OrderServiceImpl.java:150)
com.example.pancakem.services.impl.OrderServiceImpl$$FastClassBySpringCGLIB$$37600dea.invoke(<generated>)
org.springframework.cglib.proxy.MethodProxy.invoke(MethodProxy.java:218)
org.springframework.aop.framework.CglibAopProxy.invokeMethod(CglibAopProxy.java:386)
org.springframework.aop.framework.CglibAopProxy.access$000(CglibAopProxy.java:85)
org.springframework.aop.framework.CglibAopProxy$DynamicAdvisedInterceptor.intercept(CglibAopProxy.java:704)
com.example.pancakem.services.impl.OrderServiceImpl$$EnhancerBySpringCGLIB$$367a9499.findByIdWithPriceAndPancakePrices(<generated>)
com.example.pancakem.controllers.OrdersController.finByIdWithPriceAndPancakePrices(OrdersController.java:42)
java.base/jdk.internal.reflect.NativeMethodAccessorImpl.invoke0(Native Method)
java.base/jdk.internal.reflect.NativeMethodAccessorImpl.invoke(NativeMethodAccessorImpl.java:77)
java.base/jdk.internal.reflect.DelegatingMethodAccessorImpl.invoke(DelegatingMethodAccessorImpl.java:43)
java.base/java.lang.reflect.Method.invoke(Method.java:568)
org.springframework.web.method.support.InvocableHandlerMethod.doInvoke(InvocableHandlerMethod.java:205)
org.springframework.web.method.support.InvocableHandlerMethod.invokeForRequest(InvocableHandlerMethod.java:150)
org.springframework.web.servlet.mvc.method.annotation.ServletInvocableHandlerMethod.invokeAndHandle(ServletInvocableHandlerMethod.java:117)
org.springframework.web.servlet.mvc.method.annotation.RequestMappingHandlerAdapter.invokeHandlerMethod(RequestMappingHandlerAdapter.java:895)
org.springframework.web.servlet.mvc.method.annotation.RequestMappingHandlerAdapter.handleInternal(RequestMappingHandlerAdapter.java:808)
org.springframework.web.servlet.mvc.method.AbstractHandlerMethodAdapter.handle(AbstractHandlerMethodAdapter.java:87)
org.springframework.web.servlet.DispatcherServlet.doDispatch(DispatcherServlet.java:1067)
org.springframework.web.servlet.DispatcherServlet.doService(DispatcherServlet.java:963)
org.springframework.web.servlet.FrameworkServlet.processRequest(FrameworkServlet.java:1006)
org.springframework.web.servlet.FrameworkServlet.doGet(FrameworkServlet.java:898)
javax.servlet.http.HttpServlet.service(HttpServlet.java:655)
org.springframework.web.servlet.FrameworkServlet.service(FrameworkServlet.java:883)
javax.servlet.http.HttpServlet.service(HttpServlet.java:764)
org.apache.catalina.core.ApplicationFilterChain.internalDoFilter(ApplicationFilterChain.java:227)
org.apache.catalina.core.ApplicationFilterChain.doFilter(ApplicationFilterChain.java:162)
org.apache.tomcat.websocket.server.WsFilter.doFilter(WsFilter.java:53)
org.apache.catalina.core.ApplicationFilterChain.internalDoFilter(ApplicationFilterChain.java:189)
org.apache.catalina.core.ApplicationFilterChain.doFilter(ApplicationFilterChain.java:162)
org.springframework.web.filter.RequestContextFilter.doFilterInternal(RequestContextFilter.java:100)
org.springframework.web.filter.OncePerRequestFilter.doFilter(OncePerRequestFilter.java:117)
org.apache.catalina.core.ApplicationFilterChain.internalDoFilter(ApplicationFilterChain.java:189)
org.apache.catalina.core.ApplicationFilterChain.doFilter(ApplicationFilterChain.java:162)
org.springframework.web.filter.FormContentFilter.doFilterInternal(FormContentFilter.java:93)
org.springframework.web.filter.OncePerRequestFilter.doFilter(OncePerRequestFilter.java:117)
org.apache.catalina.core.ApplicationFilterChain.internalDoFilter(ApplicationFilterChain.java:189)
org.apache.catalina.core.ApplicationFilterChain.doFilter(ApplicationFilterChain.java:162)
org.springframework.web.filter.CharacterEncodingFilter.doFilterInternal(CharacterEncodingFilter.java:201)
org.springframework.web.filter.OncePerRequestFilter.doFilter(OncePerRequestFilter.java:117)
org.apache.catalina.core.ApplicationFilterChain.internalDoFilter(ApplicationFilterChain.java:189)
org.apache.catalina.core.ApplicationFilterChain.doFilter(ApplicationFilterChain.java:162)
org.apache.catalina.core.StandardWrapperValve.invoke(StandardWrapperValve.java:197)
org.apache.catalina.core.StandardContextValve.invoke(StandardContextValve.java:97)
org.apache.catalina.authenticator.AuthenticatorBase.invoke(AuthenticatorBase.java:541)
org.apache.catalina.core.StandardHostValve.invoke(StandardHostValve.java:135)
org.apache.catalina.valves.ErrorReportValve.invoke(ErrorReportValve.java:92)
org.apache.catalina.core.StandardEngineValve.invoke(StandardEngineValve.java:78)
org.apache.catalina.connector.CoyoteAdapter.service(CoyoteAdapter.java:360)
org.apache.coyote.http11.Http11Processor.service(Http11Processor.java:399)
org.apache.coyote.AbstractProcessorLight.process(AbstractProcessorLight.java:65)
org.apache.coyote.AbstractProtocol$ConnectionHandler.process(AbstractProtocol.java:890)
org.apache.tomcat.util.net.NioEndpoint$SocketProcessor.doRun(NioEndpoint.java:1743)
org.apache.tomcat.util.net.SocketProcessorBase.run(SocketProcessorBase.java:49)
org.apache.tomcat.util.threads.ThreadPoolExecutor.runWorker(ThreadPoolExecutor.java:1191)
org.apache.tomcat.util.threads.ThreadPoolExecutor$Worker.run(ThreadPoolExecutor.java:659)
org.apache.tomcat.util.threads.TaskThread$WrappingRunnable.run(TaskThread.java:61)
java.base/java.lang.Thread.run(Thread.java:833)

2022-06-01 03:03:29.869  INFO 11972 --- [SpringApplicationShutdownHook] j.LocalContainerEntityManagerFactoryBean : Closing JPA EntityManagerFactory for persistence unit 'default'
2022-06-01 03:03:29.951  INFO 11972 --- [SpringApplicationShutdownHook] com.zaxxer.hikari.HikariDataSource       : HikariPool-1 - Shutdown initiated...
2022-06-01 03:03:30.974  INFO 11972 --- [SpringApplicationShutdownHook] com.zaxxer.hikari.HikariDataSource       : HikariPool-1 - Shutdown completed.
2022-06-01 03:03:49.186  INFO 7080 --- [main] c.example.pancakem.PancakeMApplication   : Starting PancakeMApplication using Java 17.0.2 on DESKTOP-G09U01H with PID 7080 (C:\Users\Jovo\IdeaProjects\pancakeM\target\classes started by Jovo in C:\Users\Jovo\IdeaProjects\pancakeM)
2022-06-01 03:03:49.192  INFO 7080 --- [main] c.example.pancakem.PancakeMApplication   : No active profile set, falling back to 1 default profile: "default"
2022-06-01 03:03:50.888  INFO 7080 --- [main] .s.d.r.c.RepositoryConfigurationDelegate : Bootstrapping Spring Data JPA repositories in DEFAULT mode.
2022-06-01 03:03:51.060  INFO 7080 --- [main] .s.d.r.c.RepositoryConfigurationDelegate : Finished Spring Data repository scanning in 150 ms. Found 5 JPA repository interfaces.
2022-06-01 03:03:51.952  INFO 7080 --- [main] o.s.b.w.embedded.tomcat.TomcatWebServer  : Tomcat initialized with port(s): 9000 (http)
2022-06-01 03:03:51.969  INFO 7080 --- [main] o.apache.catalina.core.StandardService   : Starting service [Tomcat]
2022-06-01 03:03:51.971  INFO 7080 --- [main] org.apache.catalina.core.StandardEngine  : Starting Servlet engine: [Apache Tomcat/9.0.63]
2022-06-01 03:03:52.184  INFO 7080 --- [main] o.a.c.c.C.[Tomcat].[localhost].[/]       : Initializing Spring embedded WebApplicationContext
2022-06-01 03:03:52.186  INFO 7080 --- [main] w.s.c.ServletWebServerApplicationContext : Root WebApplicationContext: initialization completed in 2882 ms
2022-06-01 03:03:52.465  INFO 7080 --- [main] com.zaxxer.hikari.HikariDataSource       : HikariPool-1 - Starting...
2022-06-01 03:03:53.212  INFO 7080 --- [main] com.zaxxer.hikari.HikariDataSource       : HikariPool-1 - Start completed.
2022-06-01 03:03:53.295  INFO 7080 --- [main] o.hibernate.jpa.internal.util.LogHelper  : HHH000204: Processing PersistenceUnitInfo [name: default]
2022-06-01 03:03:53.444  INFO 7080 --- [main] org.hibernate.Version                    : HHH000412: Hibernate ORM core version 5.6.9.Final
2022-06-01 03:03:53.825  INFO 7080 --- [main] o.hibernate.annotations.common.Version   : HCANN000001: Hibernate Commons Annotations {5.1.2.Final}
2022-06-01 03:03:54.025  INFO 7080 --- [main] org.hibernate.dialect.Dialect            : HHH000400: Using dialect: org.hibernate.dialect.MySQL8Dialect
2022-06-01 03:03:55.127  INFO 7080 --- [main] o.h.e.t.j.p.i.JtaPlatformInitiator       : HHH000490: Using JtaPlatform implementation: [org.hibernate.engine.transaction.jta.platform.internal.NoJtaPlatform]
2022-06-01 03:03:55.142  INFO 7080 --- [main] j.LocalContainerEntityManagerFactoryBean : Initialized JPA EntityManagerFactory for persistence unit 'default'
2022-06-01 03:03:56.048  WARN 7080 --- [main] JpaBaseConfiguration$JpaWebConfiguration : spring.jpa.open-in-view is enabled by default. Therefore, database queries may be performed during view rendering. Explicitly configure spring.jpa.open-in-view to disable this warning
2022-06-01 03:03:56.652  INFO 7080 --- [main] o.s.b.w.embedded.tomcat.TomcatWebServer  : Tomcat started on port(s): 9000 (http) with context path ''
2022-06-01 03:03:56.669  INFO 7080 --- [main] c.example.pancakem.PancakeMApplication   : Started PancakeMApplication in 8.393 seconds (JVM running for 10.197)
2022-06-01 03:04:05.827  INFO 7080 --- [http-nio-9000-exec-2] o.a.c.c.C.[Tomcat].[localhost].[/]       : Initializing Spring DispatcherServlet 'dispatcherServlet'
2022-06-01 03:04:05.828  INFO 7080 --- [http-nio-9000-exec-2] o.s.web.servlet.DispatcherServlet        : Initializing Servlet 'dispatcherServlet'
2022-06-01 03:04:05.832  INFO 7080 --- [http-nio-9000-exec-2] o.s.web.servlet.DispatcherServlet        : Completed initialization in 3 ms
2022-06-01 03:09:52.961  INFO 7080 --- [SpringApplicationShutdownHook] j.LocalContainerEntityManagerFactoryBean : Closing JPA EntityManagerFactory for persistence unit 'default'
2022-06-01 03:09:53.792  INFO 7080 --- [SpringApplicationShutdownHook] com.zaxxer.hikari.HikariDataSource       : HikariPool-1 - Shutdown initiated...
2022-06-01 03:09:54.512  INFO 7080 --- [SpringApplicationShutdownHook] com.zaxxer.hikari.HikariDataSource       : HikariPool-1 - Shutdown completed.
2022-06-01 03:10:13.501  INFO 11492 --- [main] c.example.pancakem.PancakeMApplication   : Starting PancakeMApplication using Java 17.0.2 on DESKTOP-G09U01H with PID 11492 (C:\Users\Jovo\IdeaProjects\pancakeM\target\classes started by Jovo in C:\Users\Jovo\IdeaProjects\pancakeM)
2022-06-01 03:10:13.510  INFO 11492 --- [main] c.example.pancakem.PancakeMApplication   : No active profile set, falling back to 1 default profile: "default"
2022-06-01 03:10:15.496  INFO 11492 --- [main] .s.d.r.c.RepositoryConfigurationDelegate : Bootstrapping Spring Data JPA repositories in DEFAULT mode.
2022-06-01 03:10:15.725  INFO 11492 --- [main] .s.d.r.c.RepositoryConfigurationDelegate : Finished Spring Data repository scanning in 197 ms. Found 5 JPA repository interfaces.
2022-06-01 03:10:16.970  INFO 11492 --- [main] o.s.b.w.embedded.tomcat.TomcatWebServer  : Tomcat initialized with port(s): 9000 (http)
2022-06-01 03:10:16.993  INFO 11492 --- [main] o.apache.catalina.core.StandardService   : Starting service [Tomcat]
2022-06-01 03:10:16.994  INFO 11492 --- [main] org.apache.catalina.core.StandardEngine  : Starting Servlet engine: [Apache Tomcat/9.0.63]
2022-06-01 03:10:17.256  INFO 11492 --- [main] o.a.c.c.C.[Tomcat].[localhost].[/]       : Initializing Spring embedded WebApplicationContext
2022-06-01 03:10:17.257  INFO 11492 --- [main] w.s.c.ServletWebServerApplicationContext : Root WebApplicationContext: initialization completed in 3526 ms
2022-06-01 03:10:17.516  INFO 11492 --- [main] com.zaxxer.hikari.HikariDataSource       : HikariPool-1 - Starting...
2022-06-01 03:10:18.430  INFO 11492 --- [main] com.zaxxer.hikari.HikariDataSource       : HikariPool-1 - Start completed.
2022-06-01 03:10:18.566  INFO 11492 --- [main] o.hibernate.jpa.internal.util.LogHelper  : HHH000204: Processing PersistenceUnitInfo [name: default]
2022-06-01 03:10:18.729  INFO 11492 --- [main] org.hibernate.Version                    : HHH000412: Hibernate ORM core version 5.6.9.Final
2022-06-01 03:10:19.214  INFO 11492 --- [main] o.hibernate.annotations.common.Version   : HCANN000001: Hibernate Commons Annotations {5.1.2.Final}
2022-06-01 03:10:19.443  INFO 11492 --- [main] org.hibernate.dialect.Dialect            : HHH000400: Using dialect: org.hibernate.dialect.MySQL8Dialect
2022-06-01 03:10:20.625  INFO 11492 --- [main] o.h.e.t.j.p.i.JtaPlatformInitiator       : HHH000490: Using JtaPlatform implementation: [org.hibernate.engine.transaction.jta.platform.internal.NoJtaPlatform]
2022-06-01 03:10:20.640  INFO 11492 --- [main] j.LocalContainerEntityManagerFactoryBean : Initialized JPA EntityManagerFactory for persistence unit 'default'
2022-06-01 03:10:21.564  WARN 11492 --- [main] JpaBaseConfiguration$JpaWebConfiguration : spring.jpa.open-in-view is enabled by default. Therefore, database queries may be performed during view rendering. Explicitly configure spring.jpa.open-in-view to disable this warning
2022-06-01 03:10:22.205  INFO 11492 --- [main] o.s.b.w.embedded.tomcat.TomcatWebServer  : Tomcat started on port(s): 9000 (http) with context path ''
2022-06-01 03:10:22.220  INFO 11492 --- [main] c.example.pancakem.PancakeMApplication   : Started PancakeMApplication in 9.85 seconds (JVM running for 13.318)
2022-06-01 03:10:32.919  INFO 11492 --- [http-nio-9000-exec-1] o.a.c.c.C.[Tomcat].[localhost].[/]       : Initializing Spring DispatcherServlet 'dispatcherServlet'
2022-06-01 03:10:32.920  INFO 11492 --- [http-nio-9000-exec-1] o.s.web.servlet.DispatcherServlet        : Initializing Servlet 'dispatcherServlet'
2022-06-01 03:10:32.922  INFO 11492 --- [http-nio-9000-exec-1] o.s.web.servlet.DispatcherServlet        : Completed initialization in 1 ms
2022-06-01 03:27:28.563  INFO 11492 --- [SpringApplicationShutdownHook] j.LocalContainerEntityManagerFactoryBean : Closing JPA EntityManagerFactory for persistence unit 'default'
2022-06-01 03:27:28.709  INFO 11492 --- [SpringApplicationShutdownHook] com.zaxxer.hikari.HikariDataSource       : HikariPool-1 - Shutdown initiated...
2022-06-01 03:27:28.943  INFO 11492 --- [SpringApplicationShutdownHook] com.zaxxer.hikari.HikariDataSource       : HikariPool-1 - Shutdown completed.
2022-06-01 03:28:14.663  INFO 2836 --- [main] c.example.pancakem.PancakeMApplication   : Starting PancakeMApplication using Java 17.0.2 on DESKTOP-G09U01H with PID 2836 (C:\Users\Jovo\IdeaProjects\pancakeM\target\classes started by Jovo in C:\Users\Jovo\IdeaProjects\pancakeM)
2022-06-01 03:28:14.669  INFO 2836 --- [main] c.example.pancakem.PancakeMApplication   : No active profile set, falling back to 1 default profile: "default"
2022-06-01 03:28:16.048  INFO 2836 --- [main] .s.d.r.c.RepositoryConfigurationDelegate : Bootstrapping Spring Data JPA repositories in DEFAULT mode.
2022-06-01 03:28:16.198  INFO 2836 --- [main] .s.d.r.c.RepositoryConfigurationDelegate : Finished Spring Data repository scanning in 131 ms. Found 5 JPA repository interfaces.
2022-06-01 03:28:17.222  INFO 2836 --- [main] o.s.b.w.embedded.tomcat.TomcatWebServer  : Tomcat initialized with port(s): 9000 (http)
2022-06-01 03:28:17.240  INFO 2836 --- [main] o.apache.catalina.core.StandardService   : Starting service [Tomcat]
2022-06-01 03:28:17.241  INFO 2836 --- [main] org.apache.catalina.core.StandardEngine  : Starting Servlet engine: [Apache Tomcat/9.0.63]
2022-06-01 03:28:17.444  INFO 2836 --- [main] o.a.c.c.C.[Tomcat].[localhost].[/]       : Initializing Spring embedded WebApplicationContext
2022-06-01 03:28:17.446  INFO 2836 --- [main] w.s.c.ServletWebServerApplicationContext : Root WebApplicationContext: initialization completed in 2649 ms
2022-06-01 03:28:17.672  INFO 2836 --- [main] com.zaxxer.hikari.HikariDataSource       : HikariPool-1 - Starting...
2022-06-01 03:28:18.429  INFO 2836 --- [main] com.zaxxer.hikari.HikariDataSource       : HikariPool-1 - Start completed.
2022-06-01 03:28:18.519  INFO 2836 --- [main] o.hibernate.jpa.internal.util.LogHelper  : HHH000204: Processing PersistenceUnitInfo [name: default]
2022-06-01 03:28:18.636  INFO 2836 --- [main] org.hibernate.Version                    : HHH000412: Hibernate ORM core version 5.6.9.Final
2022-06-01 03:28:18.993  INFO 2836 --- [main] o.hibernate.annotations.common.Version   : HCANN000001: Hibernate Commons Annotations {5.1.2.Final}
2022-06-01 03:28:19.202  INFO 2836 --- [main] org.hibernate.dialect.Dialect            : HHH000400: Using dialect: org.hibernate.dialect.MySQL8Dialect
2022-06-01 03:28:20.390  INFO 2836 --- [main] o.h.e.t.j.p.i.JtaPlatformInitiator       : HHH000490: Using JtaPlatform implementation: [org.hibernate.engine.transaction.jta.platform.internal.NoJtaPlatform]
2022-06-01 03:28:20.410  INFO 2836 --- [main] j.LocalContainerEntityManagerFactoryBean : Initialized JPA EntityManagerFactory for persistence unit 'default'
2022-06-01 03:28:21.322  WARN 2836 --- [main] JpaBaseConfiguration$JpaWebConfiguration : spring.jpa.open-in-view is enabled by default. Therefore, database queries may be performed during view rendering. Explicitly configure spring.jpa.open-in-view to disable this warning
2022-06-01 03:28:21.945  INFO 2836 --- [main] o.s.b.w.embedded.tomcat.TomcatWebServer  : Tomcat started on port(s): 9000 (http) with context path ''
2022-06-01 03:28:21.962  INFO 2836 --- [main] c.example.pancakem.PancakeMApplication   : Started PancakeMApplication in 8.14 seconds (JVM running for 9.853)
2022-06-01 03:28:30.727  INFO 2836 --- [http-nio-9000-exec-1] o.a.c.c.C.[Tomcat].[localhost].[/]       : Initializing Spring DispatcherServlet 'dispatcherServlet'
2022-06-01 03:28:30.728  INFO 2836 --- [http-nio-9000-exec-1] o.s.web.servlet.DispatcherServlet        : Initializing Servlet 'dispatcherServlet'
2022-06-01 03:28:30.730  INFO 2836 --- [http-nio-9000-exec-1] o.s.web.servlet.DispatcherServlet        : Completed initialization in 1 ms
2022-06-01 03:31:26.617  INFO 2836 --- [SpringApplicationShutdownHook] j.LocalContainerEntityManagerFactoryBean : Closing JPA EntityManagerFactory for persistence unit 'default'
2022-06-01 03:31:26.785  INFO 2836 --- [SpringApplicationShutdownHook] com.zaxxer.hikari.HikariDataSource       : HikariPool-1 - Shutdown initiated...
2022-06-01 03:31:26.913  INFO 2836 --- [SpringApplicationShutdownHook] com.zaxxer.hikari.HikariDataSource       : HikariPool-1 - Shutdown completed.
2022-06-01 03:32:13.146  INFO 13112 --- [main] c.example.pancakem.PancakeMApplication   : Starting PancakeMApplication using Java 17.0.2 on DESKTOP-G09U01H with PID 13112 (C:\Users\Jovo\IdeaProjects\pancakeM\target\classes started by Jovo in C:\Users\Jovo\IdeaProjects\pancakeM)
2022-06-01 03:32:13.154  INFO 13112 --- [main] c.example.pancakem.PancakeMApplication   : No active profile set, falling back to 1 default profile: "default"
2022-06-01 03:32:15.295  INFO 13112 --- [main] .s.d.r.c.RepositoryConfigurationDelegate : Bootstrapping Spring Data JPA repositories in DEFAULT mode.
2022-06-01 03:32:15.580  INFO 13112 --- [main] .s.d.r.c.RepositoryConfigurationDelegate : Finished Spring Data repository scanning in 250 ms. Found 5 JPA repository interfaces.
2022-06-01 03:32:17.202  INFO 13112 --- [main] o.s.b.w.embedded.tomcat.TomcatWebServer  : Tomcat initialized with port(s): 9000 (http)
2022-06-01 03:32:17.228  INFO 13112 --- [main] o.apache.catalina.core.StandardService   : Starting service [Tomcat]
2022-06-01 03:32:17.229  INFO 13112 --- [main] org.apache.catalina.core.StandardEngine  : Starting Servlet engine: [Apache Tomcat/9.0.63]
2022-06-01 03:32:17.592  INFO 13112 --- [main] o.a.c.c.C.[Tomcat].[localhost].[/]       : Initializing Spring embedded WebApplicationContext
2022-06-01 03:32:17.594  INFO 13112 --- [main] w.s.c.ServletWebServerApplicationContext : Root WebApplicationContext: initialization completed in 4270 ms
2022-06-01 03:32:18.723  INFO 13112 --- [main] com.zaxxer.hikari.HikariDataSource       : HikariPool-1 - Starting...
2022-06-01 03:32:19.934  INFO 13112 --- [main] com.zaxxer.hikari.HikariDataSource       : HikariPool-1 - Start completed.
2022-06-01 03:32:20.073  INFO 13112 --- [main] o.hibernate.jpa.internal.util.LogHelper  : HHH000204: Processing PersistenceUnitInfo [name: default]
2022-06-01 03:32:20.291  INFO 13112 --- [main] org.hibernate.Version                    : HHH000412: Hibernate ORM core version 5.6.9.Final
2022-06-01 03:32:20.968  INFO 13112 --- [main] o.hibernate.annotations.common.Version   : HCANN000001: Hibernate Commons Annotations {5.1.2.Final}
2022-06-01 03:32:21.356  INFO 13112 --- [main] org.hibernate.dialect.Dialect            : HHH000400: Using dialect: org.hibernate.dialect.MySQL8Dialect
2022-06-01 03:32:23.050  INFO 13112 --- [main] o.h.e.t.j.p.i.JtaPlatformInitiator       : HHH000490: Using JtaPlatform implementation: [org.hibernate.engine.transaction.jta.platform.internal.NoJtaPlatform]
2022-06-01 03:32:23.072  INFO 13112 --- [main] j.LocalContainerEntityManagerFactoryBean : Initialized JPA EntityManagerFactory for persistence unit 'default'
2022-06-01 03:32:24.143  WARN 13112 --- [main] JpaBaseConfiguration$JpaWebConfiguration : spring.jpa.open-in-view is enabled by default. Therefore, database queries may be performed during view rendering. Explicitly configure spring.jpa.open-in-view to disable this warning
2022-06-01 03:32:25.042  INFO 13112 --- [main] o.s.b.w.embedded.tomcat.TomcatWebServer  : Tomcat started on port(s): 9000 (http) with context path ''
2022-06-01 03:32:25.062  INFO 13112 --- [main] c.example.pancakem.PancakeMApplication   : Started PancakeMApplication in 13.315 seconds (JVM running for 15.78)
2022-06-01 03:32:42.257  INFO 13112 --- [http-nio-9000-exec-1] o.a.c.c.C.[Tomcat].[localhost].[/]       : Initializing Spring DispatcherServlet 'dispatcherServlet'
2022-06-01 03:32:42.258  INFO 13112 --- [http-nio-9000-exec-1] o.s.web.servlet.DispatcherServlet        : Initializing Servlet 'dispatcherServlet'
2022-06-01 03:32:42.262  INFO 13112 --- [http-nio-9000-exec-1] o.s.web.servlet.DispatcherServlet        : Completed initialization in 3 ms
